<?xml version="1.0" encoding="UTF-8"?>
<!-- Generated by org.testng.reporters.JUnitXMLReporter -->
<testsuite ignored="0" hostname="nafrinhp" failures="5" tests="10" name="samplerun" time="78.961" errors="0" timestamp="2024-11-19T20:21:21 IST">
  <testcase classname="com.sevenrmartsupermart.tests.LoginTest" name="checkGroceryAppName" time="0.33"/>
  <testcase classname="com.sevenrmartsupermart.tests.LoginTest" name="verifyAdminUserLogin" time="2.323"/>
  <testcase classname="com.sevenrmartsupermart.tests.LoginTest" name="verifyAlertMessageIsShownWithWrongPassword" time="1.647"/>
  <testcase classname="com.sevenrmartsupermart.tests.LoginTest" name="verifyAlertMessageIsShownWithWrongUsername" time="1.924"/>
  <testcase classname="com.sevenrmartsupermart.tests.LoginTest" name="verifyAlertMessageIsShownWithWrongUsernameAndPassword" time="3.903"/>
  <testcase classname="com.sevenrmartsupermart.tests.LoginTest" name="verifyCSSAttributesofSignInButton" time="0.502">
    <failure type="java.lang.AssertionError" message="The following asserts failed:
	expected [16px 16px] but found [16px]">
      <![CDATA[java.lang.AssertionError: The following asserts failed:
expected [16px 16px] but found [16px]
at com.sevenrmartsupermart.tests.LoginTest.verifyCSSAttributesofSignInButton(LoginTest.java:133)
at java.base/java.util.ArrayList.forEach(ArrayList.java:1511)
... Removed 29 stack frames]]>
    </failure>
  </testcase> <!-- verifyCSSAttributesofSignInButton -->
  <testcase classname="com.sevenrmartsupermart.tests.LoginTest" name="verifyLoginDetailsAreSavedAfterClickingRememberMeCheckBox" time="3.477">
    <failure type="java.lang.AssertionError" message="The following asserts failed:
	expected [16px 16px] but found [16px]">
      <![CDATA[java.lang.AssertionError: The following asserts failed:
expected [16px 16px] but found [16px]
at com.sevenrmartsupermart.tests.LoginTest.verifyLoginDetailsAreSavedAfterClickingRememberMeCheckBox(LoginTest.java:62)
at java.base/java.util.ArrayList.forEach(ArrayList.java:1511)
... Removed 29 stack frames]]>
    </failure>
  </testcase> <!-- verifyLoginDetailsAreSavedAfterClickingRememberMeCheckBox -->
  <testcase classname="com.sevenrmartsupermart.tests.LoginTest" name="verifyLoginIsNotAllowedWithoutPassword" time="0.892">
    <failure type="java.lang.AssertionError" message="Login is not allowed expected [Login|7rmart supermarket] but found [Login | 7rmart supermarket]">
      <![CDATA[java.lang.AssertionError: Login is not allowed expected [Login|7rmart supermarket] but found [Login | 7rmart supermarket]
at com.sevenrmartsupermart.tests.LoginTest.verifyLoginIsNotAllowedWithoutPassword(LoginTest.java:72)
at java.base/java.util.ArrayList.forEach(ArrayList.java:1511)
... Removed 32 stack frames]]>
    </failure>
  </testcase> <!-- verifyLoginIsNotAllowedWithoutPassword -->
  <testcase classname="com.sevenrmartsupermart.tests.LoginTest" name="verifyLoginIsNotAllowedWithoutUsername" time="0.838">
    <failure type="java.lang.AssertionError" message="Login is not allowed expected [Login|7rmart supermarket] but found [Login | 7rmart supermarket]">
      <![CDATA[java.lang.AssertionError: Login is not allowed expected [Login|7rmart supermarket] but found [Login | 7rmart supermarket]
at com.sevenrmartsupermart.tests.LoginTest.verifyLoginIsNotAllowedWithoutUsername(LoginTest.java:82)
at java.base/java.util.ArrayList.forEach(ArrayList.java:1511)
... Removed 32 stack frames]]>
    </failure>
  </testcase> <!-- verifyLoginIsNotAllowedWithoutUsername -->
  <testcase classname="com.sevenrmartsupermart.tests.LoginTest" name="verifyRememberMeCheckboxIsEnabled" time="0.444">
    <failure type="java.lang.AssertionError" message="expected [false] but found [true]">
      <![CDATA[java.lang.AssertionError: expected [false] but found [true]
at com.sevenrmartsupermart.tests.LoginTest.verifyRememberMeCheckboxIsEnabled(LoginTest.java:35)
at java.base/java.util.ArrayList.forEach(ArrayList.java:1511)
... Removed 31 stack frames]]>
    </failure>
  </testcase> <!-- verifyRememberMeCheckboxIsEnabled -->
</testsuite> <!-- samplerun -->
