<?xml version="1.0" encoding="UTF-8"?>
<!-- Generated by org.testng.reporters.JUnitXMLReporter -->
<testsuite ignored="9" hostname="nafrinhp" failures="0" tests="4" name="Default test" time="32.741" errors="0" timestamp="2024-11-27T13:28:21 IST">
  <testcase classname="com.sevenrmartsupermart.tests.SubCategoryTest" name="verifyNewCategoryCanBeCreatedWithImage" time="4.568"/>
  <testcase classname="com.sevenrmartsupermart.tests.SubCategoryTest" name="verifyNewCategoryCanBeCreatedWithImage" time="2.9"/>
  <testcase classname="com.sevenrmartsupermart.tests.SubCategoryTest" name="verifyNewCategoryCanBeCreatedWithImage" time="3.967"/>
  <testcase classname="com.sevenrmartsupermart.tests.SubCategoryTest" name="verifyNewCategoryCanBeCreatedWithImage" time="3.362"/>
  <testcase classname="com.sevenrmartsupermart.tests.SubCategoryTest" name="verifySubCategoryListUsingSearchButton" time="0.0">
    <ignored/>
  </testcase> <!-- verifySubCategoryListUsingSearchButton -->
  <testcase classname="com.sevenrmartsupermart.tests.SubCategoryTest" name="verifyWhetherSearchFieldCanBeReset" time="0.0">
    <ignored/>
  </testcase> <!-- verifyWhetherSearchFieldCanBeReset -->
  <testcase classname="com.sevenrmartsupermart.tests.SubCategoryTest" name="verifyNewCategoryIsShownFirstInTable" time="0.0">
    <ignored/>
  </testcase> <!-- verifyNewCategoryIsShownFirstInTable -->
  <testcase classname="com.sevenrmartsupermart.tests.SubCategoryTest" name="verifySubCategoryListUsingSearchButtonWithWrongData" time="0.0">
    <ignored/>
  </testcase> <!-- verifySubCategoryListUsingSearchButtonWithWrongData -->
  <testcase classname="com.sevenrmartsupermart.tests.SubCategoryTest" name="verifyNewCategoryCanBeCreatedWithoutImage" time="0.0">
    <ignored/>
  </testcase> <!-- verifyNewCategoryCanBeCreatedWithoutImage -->
  <testcase classname="com.sevenrmartsupermart.tests.SubCategoryTest" name="verifySubCategoryCanBeUpdated" time="0.0">
    <ignored/>
  </testcase> <!-- verifySubCategoryCanBeUpdated -->
  <testcase classname="com.sevenrmartsupermart.tests.SubCategoryTest" name="verifySubCategoryCannotBeSearchedWithoutSelectingCategory" time="0.0">
    <ignored/>
  </testcase> <!-- verifySubCategoryCannotBeSearchedWithoutSelectingCategory -->
  <testcase classname="com.sevenrmartsupermart.tests.SubCategoryTest" name="verifyTwoCategoriesWithSameSubCategoryNameCannotBeCreated" time="0.0">
    <ignored/>
  </testcase> <!-- verifyTwoCategoriesWithSameSubCategoryNameCannotBeCreated -->
  <testcase classname="com.sevenrmartsupermart.tests.SubCategoryTest" name="verifyIfCategoryCanBeDeletedFromSubCategoryList" time="0.0">
    <ignored/>
  </testcase> <!-- verifyIfCategoryCanBeDeletedFromSubCategoryList -->
</testsuite> <!-- Default test -->
