<?xml version="1.0" encoding="UTF-8"?>
<!-- Generated by org.testng.reporters.JUnitXMLReporter -->
<testsuite ignored="3" hostname="nafrinhp" failures="0" tests="1" name="Default test" time="8.502" errors="0" timestamp="2024-12-02T13:51:42 IST">
  <testcase classname="com.sevenrmartsupermart.tests.AdminUserTest" name="verifyStatusChangeIsPossibleThroughButton" time="4.326"/>
  <testcase classname="com.sevenrmartsupermart.tests.AdminUserTest" name="verifyNewAdminUserWithinExistingUserNameWithSameUserTypeCannotBeCreated" time="0.0">
    <ignored/>
  </testcase> <!-- verifyNewAdminUserWithinExistingUserNameWithSameUserTypeCannotBeCreated -->
  <testcase classname="com.sevenrmartsupermart.tests.AdminUserTest" name="verifyThatNewAdminUsersWithDifferentUserTypeCanBeAdded" time="0.0">
    <ignored/>
  </testcase> <!-- verifyThatNewAdminUsersWithDifferentUserTypeCanBeAdded -->
  <testcase classname="com.sevenrmartsupermart.tests.AdminUserTest" name="verifyWhetherAdminUserListHasAllRequiredColoumns" time="0.0">
    <ignored/>
  </testcase> <!-- verifyWhetherAdminUserListHasAllRequiredColoumns -->
</testsuite> <!-- Default test -->
