<?xml version="1.0" encoding="UTF-8"?>
<!-- Generated by org.testng.reporters.JUnitXMLReporter -->
<testsuite ignored="16" hostname="nafrinhp" failures="0" tests="2" name="grouping" time="12.495" errors="0" timestamp="2024-11-21T19:55:31 IST">
  <testcase classname="com.sevenrmartsupermart.tests.LoginTest" name="verifyLoginDetailsAreSavedAfterClickingRememberMeCheckBox" time="1.706"/>
  <testcase classname="com.sevenrmartsupermart.tests.SubCategoryTest" name="verifySubCategoryListUsingSearchButtonWithWrongData" time="1.96"/>
  <testcase classname="com.sevenrmartsupermart.tests.LoginTest" name="verifyAlertMessageIsShownWithWrongUsername" time="0.0">
    <ignored/>
  </testcase> <!-- verifyAlertMessageIsShownWithWrongUsername -->
  <testcase classname="com.sevenrmartsupermart.tests.LoginTest" name="verifyAlertMessageIsShownWithWrongPassword" time="0.0">
    <ignored/>
  </testcase> <!-- verifyAlertMessageIsShownWithWrongPassword -->
  <testcase classname="com.sevenrmartsupermart.tests.LoginTest" name="verifyAdminUserLogin" time="0.0">
    <ignored/>
  </testcase> <!-- verifyAdminUserLogin -->
  <testcase classname="com.sevenrmartsupermart.tests.SubCategoryTest" name="verifyWhetherSearchFieldsCanBeReset" time="0.0">
    <ignored/>
  </testcase> <!-- verifyWhetherSearchFieldsCanBeReset -->
  <testcase classname="com.sevenrmartsupermart.tests.LoginTest" name="verifyLoginIsNotAllowedWithoutUsername" time="0.0">
    <ignored/>
  </testcase> <!-- verifyLoginIsNotAllowedWithoutUsername -->
  <testcase classname="com.sevenrmartsupermart.tests.LoginTest" name="verifyRememberMeCheckboxIsEnabled" time="0.0">
    <ignored/>
  </testcase> <!-- verifyRememberMeCheckboxIsEnabled -->
  <testcase classname="com.sevenrmartsupermart.tests.SubCategoryTest" name="verifyNewCategoryCanBeCreated" time="0.0">
    <ignored/>
  </testcase> <!-- verifyNewCategoryCanBeCreated -->
  <testcase classname="com.sevenrmartsupermart.tests.LoginTest" name="verifyAlertMessageIsShownWithWrongUsernameAndPassword" time="0.0">
    <ignored/>
  </testcase> <!-- verifyAlertMessageIsShownWithWrongUsernameAndPassword -->
  <testcase classname="com.sevenrmartsupermart.tests.SubCategoryTest" name="verifyNewCategoryIsShownFirstInTable" time="0.0">
    <ignored/>
  </testcase> <!-- verifyNewCategoryIsShownFirstInTable -->
  <testcase classname="com.sevenrmartsupermart.tests.LoginTest" name="verifyCSSAttributesofSignInButton" time="0.0">
    <ignored/>
  </testcase> <!-- verifyCSSAttributesofSignInButton -->
  <testcase classname="com.sevenrmartsupermart.tests.SubCategoryTest" name="verifySubCategoryCannotBeSearchedWithoutSelectingCategory" time="0.0">
    <ignored/>
  </testcase> <!-- verifySubCategoryCannotBeSearchedWithoutSelectingCategory -->
  <testcase classname="com.sevenrmartsupermart.tests.LoginTest" name="verifyLoginIsNotAllowedWithoutPassword" time="0.0">
    <ignored/>
  </testcase> <!-- verifyLoginIsNotAllowedWithoutPassword -->
  <testcase classname="com.sevenrmartsupermart.tests.LoginTest" name="checkGroceryAppName" time="0.0">
    <ignored/>
  </testcase> <!-- checkGroceryAppName -->
  <testcase classname="com.sevenrmartsupermart.tests.SubCategoryTest" name="verifySubCategoryListUsingSearchButton" time="0.0">
    <ignored/>
  </testcase> <!-- verifySubCategoryListUsingSearchButton -->
  <testcase classname="com.sevenrmartsupermart.tests.LoginTest" name="verifyLoginIsAllowedUsingEnterKeyInKeyboard" time="0.0">
    <ignored/>
  </testcase> <!-- verifyLoginIsAllowedUsingEnterKeyInKeyboard -->
  <testcase classname="com.sevenrmartsupermart.tests.SubCategoryTest" name="verifyNewCategoryCanBeCreatedWithoutImage" time="0.0">
    <ignored/>
  </testcase> <!-- verifyNewCategoryCanBeCreatedWithoutImage -->
</testsuite> <!-- grouping -->
