<?xml version="1.0" encoding="UTF-8"?>
<!-- Generated by org.testng.reporters.JUnitXMLReporter -->
<testsuite ignored="0" hostname="nafrinhp" failures="0" tests="29" name="regression" time="237.062" errors="0" timestamp="2024-11-27T13:37:18 IST">
  <testcase classname="com.sevenrmartsupermart.tests.LoginTest" name="checkGroceryAppName" time="0.267"/>
  <testcase classname="com.sevenrmartsupermart.tests.LoginTest" name="verifyAdminUserLogin" time="2.743"/>
  <testcase classname="com.sevenrmartsupermart.tests.LoginTest" name="verifyAlertMessageIsShownWithWrongPassword" time="2.382"/>
  <testcase classname="com.sevenrmartsupermart.tests.LoginTest" name="verifyAlertMessageIsShownWithWrongUsername" time="3.52"/>
  <testcase classname="com.sevenrmartsupermart.tests.LoginTest" name="verifyAlertMessageIsShownWithWrongUsernameAndPassword" time="3.709"/>
  <testcase classname="com.sevenrmartsupermart.tests.LoginTest" name="verifyCSSAttributesofSignInButton" time="0.362"/>
  <testcase classname="com.sevenrmartsupermart.tests.LoginTest" name="verifyLoginDetailsAreSavedAfterClickingRememberMeCheckBox" time="5.373"/>
  <testcase classname="com.sevenrmartsupermart.tests.LoginTest" name="verifyLoginIsAllowedUsingEnterKeyInKeyboard" time="1.956"/>
  <testcase classname="com.sevenrmartsupermart.tests.LoginTest" name="verifyLoginIsNotAllowedWithoutPassword" time="1.605"/>
  <testcase classname="com.sevenrmartsupermart.tests.LoginTest" name="verifyLoginIsNotAllowedWithoutUsername" time="0.464"/>
  <testcase classname="com.sevenrmartsupermart.tests.LoginTest" name="verifyRememberMeCheckboxIsEnabled" time="1.739"/>
  <testcase classname="com.sevenrmartsupermart.tests.HomeTest" name="verifyHomePageOptions" time="2.281"/>
  <testcase classname="com.sevenrmartsupermart.tests.HomeTest" name="verifyWhetherClickingOnLogoutButtonLogsOutAdminUserFromTheirAccount" time="2.563"/>
  <testcase classname="com.sevenrmartsupermart.tests.SubCategoryTest" name="verifyIfCategoryCanBeDeletedFromSubCategoryList" time="14.654"/>
  <testcase classname="com.sevenrmartsupermart.tests.SubCategoryTest" name="verifyNewCategoryCanBeCreatedWithImage" time="2.656"/>
  <testcase classname="com.sevenrmartsupermart.tests.SubCategoryTest" name="verifyNewCategoryCanBeCreatedWithImage" time="3.546"/>
  <testcase classname="com.sevenrmartsupermart.tests.SubCategoryTest" name="verifyNewCategoryCanBeCreatedWithImage" time="3.504"/>
  <testcase classname="com.sevenrmartsupermart.tests.SubCategoryTest" name="verifyNewCategoryCanBeCreatedWithImage" time="3.187"/>
  <testcase classname="com.sevenrmartsupermart.tests.SubCategoryTest" name="verifyNewCategoryCanBeCreatedWithoutImage" time="3.059"/>
  <testcase classname="com.sevenrmartsupermart.tests.SubCategoryTest" name="verifyNewCategoryCanBeCreatedWithoutImage" time="2.651"/>
  <testcase classname="com.sevenrmartsupermart.tests.SubCategoryTest" name="verifyNewCategoryCanBeCreatedWithoutImage" time="3.316"/>
  <testcase classname="com.sevenrmartsupermart.tests.SubCategoryTest" name="verifyNewCategoryCanBeCreatedWithoutImage" time="3.094"/>
  <testcase classname="com.sevenrmartsupermart.tests.SubCategoryTest" name="verifyNewCategoryIsShownFirstInTable" time="3.938"/>
  <testcase classname="com.sevenrmartsupermart.tests.SubCategoryTest" name="verifySubCategoryCanBeUpdated" time="4.249"/>
  <testcase classname="com.sevenrmartsupermart.tests.SubCategoryTest" name="verifySubCategoryCannotBeSearchedWithoutSelectingCategory" time="1.693"/>
  <testcase classname="com.sevenrmartsupermart.tests.SubCategoryTest" name="verifySubCategoryListUsingSearchButton" time="2.454"/>
  <testcase classname="com.sevenrmartsupermart.tests.SubCategoryTest" name="verifySubCategoryListUsingSearchButtonWithWrongData" time="1.635"/>
  <testcase classname="com.sevenrmartsupermart.tests.SubCategoryTest" name="verifyTwoCategoriesWithSameSubCategoryNameCannotBeCreated" time="3.419"/>
  <testcase classname="com.sevenrmartsupermart.tests.SubCategoryTest" name="verifyWhetherSearchFieldCanBeReset" time="1.544"/>
</testsuite> <!-- regression -->
