<?xml version="1.0" encoding="UTF-8"?>
<!-- Generated by org.testng.reporters.JUnitXMLReporter -->
<testsuite ignored="0" hostname="nafrinhp" failures="0" tests="36" name="regression" time="225.223" errors="0" timestamp="2024-12-02T18:18:35 IST">
  <testcase classname="com.sevenrmartsupermart.tests.LoginTest" name="checkGroceryAppName" time="0.113"/>
  <testcase classname="com.sevenrmartsupermart.tests.LoginTest" name="verifyAdminUserLogin" time="2.28"/>
  <testcase classname="com.sevenrmartsupermart.tests.LoginTest" name="verifyAlertMessageIsShownWithWrongPassword" time="1.826"/>
  <testcase classname="com.sevenrmartsupermart.tests.LoginTest" name="verifyAlertMessageIsShownWithWrongUsername" time="1.69"/>
  <testcase classname="com.sevenrmartsupermart.tests.LoginTest" name="verifyAlertMessageIsShownWithWrongUsernameAndPassword" time="1.976"/>
  <testcase classname="com.sevenrmartsupermart.tests.LoginTest" name="verifyCSSAttributesofSignInButton" time="0.44"/>
  <testcase classname="com.sevenrmartsupermart.tests.LoginTest" name="verifyLoginDetailsAreSavedAfterClickingRememberMeCheckBox" time="3.369"/>
  <testcase classname="com.sevenrmartsupermart.tests.LoginTest" name="verifyLoginIsAllowedUsingEnterKeyInKeyboard" time="1.667"/>
  <testcase classname="com.sevenrmartsupermart.tests.LoginTest" name="verifyLoginIsNotAllowedWithoutPassword" time="0.834"/>
  <testcase classname="com.sevenrmartsupermart.tests.LoginTest" name="verifyLoginIsNotAllowedWithoutUsername" time="0.816"/>
  <testcase classname="com.sevenrmartsupermart.tests.LoginTest" name="verifyRememberMeCheckboxIsEnabled" time="0.31"/>
  <testcase classname="com.sevenrmartsupermart.tests.HomeTest" name="verifyHomePageOptions" time="1.539"/>
  <testcase classname="com.sevenrmartsupermart.tests.HomeTest" name="verifyWhetherClickingOnLogoutButtonLogsOutAdminUserFromTheirAccount" time="1.523"/>
  <testcase classname="com.sevenrmartsupermart.tests.SubCategoryTest" name="verifyIfCategoryCanBeDeletedFromSubCategoryList" time="14.397"/>
  <testcase classname="com.sevenrmartsupermart.tests.SubCategoryTest" name="verifyNewCategoryCanBeCreatedWithImage" time="2.409"/>
  <testcase classname="com.sevenrmartsupermart.tests.SubCategoryTest" name="verifyNewCategoryCanBeCreatedWithImage" time="2.465"/>
  <testcase classname="com.sevenrmartsupermart.tests.SubCategoryTest" name="verifyNewCategoryCanBeCreatedWithImage" time="2.248"/>
  <testcase classname="com.sevenrmartsupermart.tests.SubCategoryTest" name="verifyNewCategoryCanBeCreatedWithImage" time="2.615"/>
  <testcase classname="com.sevenrmartsupermart.tests.SubCategoryTest" name="verifyNewCategoryCanBeCreatedWithoutImage" time="2.218"/>
  <testcase classname="com.sevenrmartsupermart.tests.SubCategoryTest" name="verifyNewCategoryCanBeCreatedWithoutImage" time="2.268"/>
  <testcase classname="com.sevenrmartsupermart.tests.SubCategoryTest" name="verifyNewCategoryCanBeCreatedWithoutImage" time="2.18"/>
  <testcase classname="com.sevenrmartsupermart.tests.SubCategoryTest" name="verifyNewCategoryCanBeCreatedWithoutImage" time="2.328"/>
  <testcase classname="com.sevenrmartsupermart.tests.SubCategoryTest" name="verifyNewCategoryIsShownFirstInTable" time="2.378"/>
  <testcase classname="com.sevenrmartsupermart.tests.SubCategoryTest" name="verifySubCategoryCanBeUpdated" time="4.417"/>
  <testcase classname="com.sevenrmartsupermart.tests.SubCategoryTest" name="verifySubCategoryCannotBeSearchedWithoutSelectingCategory" time="1.284"/>
  <testcase classname="com.sevenrmartsupermart.tests.SubCategoryTest" name="verifySubCategoryListUsingSearchButton" time="1.885"/>
  <testcase classname="com.sevenrmartsupermart.tests.SubCategoryTest" name="verifySubCategoryListUsingSearchButtonWithWrongData" time="1.632"/>
  <testcase classname="com.sevenrmartsupermart.tests.SubCategoryTest" name="verifyTwoCategoriesWithSameSubCategoryNameCannotBeCreated" time="3.303"/>
  <testcase classname="com.sevenrmartsupermart.tests.SubCategoryTest" name="verifyWhetherSearchFieldCanBeReset" time="1.557"/>
  <testcase classname="com.sevenrmartsupermart.tests.AdminUserTest" name="verifyNewAdminUserWithExistingUserNameWithinSameUserTypeCannotBeCreated" time="2.64"/>
  <testcase classname="com.sevenrmartsupermart.tests.AdminUserTest" name="verifyStatusChangeIsPossibleThroughLockButton" time="3.102"/>
  <testcase classname="com.sevenrmartsupermart.tests.AdminUserTest" name="verifyThatNewAdminUsersWithDifferentUserTypeCanBeAdded" time="1.923"/>
  <testcase classname="com.sevenrmartsupermart.tests.AdminUserTest" name="verifyThatNewAdminUsersWithDifferentUserTypeCanBeAdded" time="2.06"/>
  <testcase classname="com.sevenrmartsupermart.tests.AdminUserTest" name="verifyThatNewAdminUsersWithDifferentUserTypeCanBeAdded" time="2.152"/>
  <testcase classname="com.sevenrmartsupermart.tests.AdminUserTest" name="verifyThatNewAdminUsersWithDifferentUserTypeCanBeAdded" time="1.814"/>
  <testcase classname="com.sevenrmartsupermart.tests.AdminUserTest" name="verifyWhetherAdminUserListHasAllRequiredColoumns" time="1.138"/>
</testsuite> <!-- regression -->
