<?xml version="1.0" encoding="UTF-8"?>
<!-- Generated by org.testng.reporters.JUnitXMLReporter -->
<testsuite ignored="0" hostname="nafrinhp" failures="0" tests="13" name="sanity" time="92.727" errors="0" timestamp="2024-12-02T18:16:22 IST">
  <testcase classname="com.sevenrmartsupermart.tests.LoginTest" name="checkGroceryAppName" time="0.095"/>
  <testcase classname="com.sevenrmartsupermart.tests.LoginTest" name="verifyAdminUserLogin" time="2.369"/>
  <testcase classname="com.sevenrmartsupermart.tests.LoginTest" name="verifyAlertMessageIsShownWithWrongPassword" time="1.734"/>
  <testcase classname="com.sevenrmartsupermart.tests.LoginTest" name="verifyAlertMessageIsShownWithWrongUsername" time="1.341"/>
  <testcase classname="com.sevenrmartsupermart.tests.LoginTest" name="verifyAlertMessageIsShownWithWrongUsernameAndPassword" time="3.461"/>
  <testcase classname="com.sevenrmartsupermart.tests.LoginTest" name="verifyCSSAttributesofSignInButton" time="0.378"/>
  <testcase classname="com.sevenrmartsupermart.tests.LoginTest" name="verifyLoginDetailsAreSavedAfterClickingRememberMeCheckBox" time="3.166"/>
  <testcase classname="com.sevenrmartsupermart.tests.LoginTest" name="verifyLoginIsAllowedUsingEnterKeyInKeyboard" time="2.389"/>
  <testcase classname="com.sevenrmartsupermart.tests.LoginTest" name="verifyLoginIsNotAllowedWithoutPassword" time="0.787"/>
  <testcase classname="com.sevenrmartsupermart.tests.LoginTest" name="verifyLoginIsNotAllowedWithoutUsername" time="0.908"/>
  <testcase classname="com.sevenrmartsupermart.tests.LoginTest" name="verifyRememberMeCheckboxIsEnabled" time="0.387"/>
  <testcase classname="com.sevenrmartsupermart.tests.HomeTest" name="verifyHomePageOptions" time="1.538"/>
  <testcase classname="com.sevenrmartsupermart.tests.HomeTest" name="verifyWhetherClickingOnLogoutButtonLogsOutAdminUserFromTheirAccount" time="1.531"/>
</testsuite> <!-- sanity -->
