<?xml version="1.0" encoding="UTF-8"?>
<testng-results ignored="0" total="53" passed="53" failed="0" skipped="0">
  <reporter-output>
  </reporter-output>
  <suite started-at="2024-11-27T13:33:21 IST" name="groceryapprelease" finished-at="2024-11-27T13:37:18 IST" duration-ms="237062">
    <groups>
      <group name="Sanity">
        <method signature="LoginTest.verifyLoginDetailsAreSavedAfterClickingRememberMeCheckBox()[pri:0, instance:com.sevenrmartsupermart.tests.LoginTest@710c2b53]" name="verifyLoginDetailsAreSavedAfterClickingRememberMeCheckBox" class="com.sevenrmartsupermart.tests.LoginTest"/>
        <method signature="LoginTest.verifyLoginDetailsAreSavedAfterClickingRememberMeCheckBox()[pri:0, instance:com.sevenrmartsupermart.tests.LoginTest@33ecda92]" name="verifyLoginDetailsAreSavedAfterClickingRememberMeCheckBox" class="com.sevenrmartsupermart.tests.LoginTest"/>
        <method signature="LoginTest.verifyLoginDetailsAreSavedAfterClickingRememberMeCheckBox()[pri:0, instance:com.sevenrmartsupermart.tests.LoginTest@25df00a0]" name="verifyLoginDetailsAreSavedAfterClickingRememberMeCheckBox" class="com.sevenrmartsupermart.tests.LoginTest"/>
        <method signature="SubCategoryTest.verifyWhetherSearchFieldCanBeReset()[pri:0, instance:com.sevenrmartsupermart.tests.SubCategoryTest@7b4c50bc]" name="verifyWhetherSearchFieldCanBeReset" class="com.sevenrmartsupermart.tests.SubCategoryTest"/>
      </group> <!-- Sanity -->
      <group name="Smoke">
        <method signature="LoginTest.verifyLoginDetailsAreSavedAfterClickingRememberMeCheckBox()[pri:0, instance:com.sevenrmartsupermart.tests.LoginTest@710c2b53]" name="verifyLoginDetailsAreSavedAfterClickingRememberMeCheckBox" class="com.sevenrmartsupermart.tests.LoginTest"/>
        <method signature="LoginTest.verifyLoginDetailsAreSavedAfterClickingRememberMeCheckBox()[pri:0, instance:com.sevenrmartsupermart.tests.LoginTest@33ecda92]" name="verifyLoginDetailsAreSavedAfterClickingRememberMeCheckBox" class="com.sevenrmartsupermart.tests.LoginTest"/>
        <method signature="LoginTest.verifyLoginDetailsAreSavedAfterClickingRememberMeCheckBox()[pri:0, instance:com.sevenrmartsupermart.tests.LoginTest@25df00a0]" name="verifyLoginDetailsAreSavedAfterClickingRememberMeCheckBox" class="com.sevenrmartsupermart.tests.LoginTest"/>
        <method signature="SubCategoryTest.verifySubCategoryListUsingSearchButtonWithWrongData()[pri:0, instance:com.sevenrmartsupermart.tests.SubCategoryTest@7b4c50bc]" name="verifySubCategoryListUsingSearchButtonWithWrongData" class="com.sevenrmartsupermart.tests.SubCategoryTest"/>
      </group> <!-- Smoke -->
    </groups>
    <test started-at="2024-11-27T13:33:21 IST" name="smoketest" finished-at="2024-11-27T13:35:11 IST" duration-ms="110043">
      <class name="com.sevenrmartsupermart.tests.LoginTest">
        <test-method is-config="true" signature="launchBrowser()[pri:0, instance:com.sevenrmartsupermart.tests.LoginTest@710c2b53]" started-at="2024-11-27T13:33:21 IST" name="launchBrowser" finished-at="2024-11-27T13:33:31 IST" duration-ms="9241" status="PASS">
          <reporter-output>
          </reporter-output>
        </test-method> <!-- launchBrowser -->
        <test-method signature="checkGroceryAppName()[pri:0, instance:com.sevenrmartsupermart.tests.LoginTest@710c2b53]" started-at="2024-11-27T13:33:31 IST" name="checkGroceryAppName" finished-at="2024-11-27T13:33:31 IST" duration-ms="272" status="PASS">
          <reporter-output>
          </reporter-output>
        </test-method> <!-- checkGroceryAppName -->
        <test-method is-config="true" signature="terminateSession(org.testng.ITestResult)[pri:0, instance:com.sevenrmartsupermart.tests.LoginTest@710c2b53]" started-at="2024-11-27T13:33:31 IST" name="terminateSession" finished-at="2024-11-27T13:33:33 IST" duration-ms="2163" status="PASS">
          <params>
            <param index="0">
              <value>
                <![CDATA[[TestResult name=checkGroceryAppName status=SUCCESS method=LoginTest.checkGroceryAppName()[pri:0, instance:com.sevenrmartsupermart.tests.LoginTest@710c2b53] output={null}]]]>
              </value>
            </param>
          </params>
          <reporter-output>
          </reporter-output>
        </test-method> <!-- terminateSession -->
        <test-method is-config="true" signature="launchBrowser()[pri:0, instance:com.sevenrmartsupermart.tests.LoginTest@710c2b53]" started-at="2024-11-27T13:33:33 IST" name="launchBrowser" finished-at="2024-11-27T13:33:40 IST" duration-ms="6735" status="PASS">
          <reporter-output>
          </reporter-output>
        </test-method> <!-- launchBrowser -->
        <test-method signature="verifyAdminUserLogin()[pri:0, instance:com.sevenrmartsupermart.tests.LoginTest@710c2b53]" started-at="2024-11-27T13:33:40 IST" name="verifyAdminUserLogin" finished-at="2024-11-27T13:33:42 IST" duration-ms="2023" status="PASS">
          <reporter-output>
          </reporter-output>
        </test-method> <!-- verifyAdminUserLogin -->
        <test-method is-config="true" signature="terminateSession(org.testng.ITestResult)[pri:0, instance:com.sevenrmartsupermart.tests.LoginTest@710c2b53]" started-at="2024-11-27T13:33:42 IST" name="terminateSession" finished-at="2024-11-27T13:33:44 IST" duration-ms="2194" status="PASS">
          <params>
            <param index="0">
              <value>
                <![CDATA[[TestResult name=verifyAdminUserLogin status=SUCCESS method=LoginTest.verifyAdminUserLogin()[pri:0, instance:com.sevenrmartsupermart.tests.LoginTest@710c2b53] output={null}]]]>
              </value>
            </param>
          </params>
          <reporter-output>
          </reporter-output>
        </test-method> <!-- terminateSession -->
        <test-method is-config="true" signature="launchBrowser()[pri:0, instance:com.sevenrmartsupermart.tests.LoginTest@710c2b53]" started-at="2024-11-27T13:33:44 IST" name="launchBrowser" finished-at="2024-11-27T13:33:50 IST" duration-ms="5767" status="PASS">
          <reporter-output>
          </reporter-output>
        </test-method> <!-- launchBrowser -->
        <test-method signature="verifyAlertMessageIsShownWithWrongPassword()[pri:0, instance:com.sevenrmartsupermart.tests.LoginTest@710c2b53]" started-at="2024-11-27T13:33:50 IST" name="verifyAlertMessageIsShownWithWrongPassword" finished-at="2024-11-27T13:33:52 IST" duration-ms="1933" status="PASS">
          <reporter-output>
          </reporter-output>
        </test-method> <!-- verifyAlertMessageIsShownWithWrongPassword -->
        <test-method is-config="true" signature="terminateSession(org.testng.ITestResult)[pri:0, instance:com.sevenrmartsupermart.tests.LoginTest@710c2b53]" started-at="2024-11-27T13:33:52 IST" name="terminateSession" finished-at="2024-11-27T13:33:52 IST" duration-ms="422" status="PASS">
          <params>
            <param index="0">
              <value>
                <![CDATA[[TestResult name=verifyAlertMessageIsShownWithWrongPassword status=SUCCESS method=LoginTest.verifyAlertMessageIsShownWithWrongPassword()[pri:0, instance:com.sevenrmartsupermart.tests.LoginTest@710c2b53] output={null}]]]>
              </value>
            </param>
          </params>
          <reporter-output>
          </reporter-output>
        </test-method> <!-- terminateSession -->
        <test-method is-config="true" signature="launchBrowser()[pri:0, instance:com.sevenrmartsupermart.tests.LoginTest@710c2b53]" started-at="2024-11-27T13:33:52 IST" name="launchBrowser" finished-at="2024-11-27T13:33:59 IST" duration-ms="7162" status="PASS">
          <reporter-output>
          </reporter-output>
        </test-method> <!-- launchBrowser -->
        <test-method signature="verifyAlertMessageIsShownWithWrongUsername()[pri:0, instance:com.sevenrmartsupermart.tests.LoginTest@710c2b53]" started-at="2024-11-27T13:33:59 IST" name="verifyAlertMessageIsShownWithWrongUsername" finished-at="2024-11-27T13:34:01 IST" duration-ms="1802" status="PASS">
          <reporter-output>
          </reporter-output>
        </test-method> <!-- verifyAlertMessageIsShownWithWrongUsername -->
        <test-method is-config="true" signature="terminateSession(org.testng.ITestResult)[pri:0, instance:com.sevenrmartsupermart.tests.LoginTest@710c2b53]" started-at="2024-11-27T13:34:01 IST" name="terminateSession" finished-at="2024-11-27T13:34:02 IST" duration-ms="512" status="PASS">
          <params>
            <param index="0">
              <value>
                <![CDATA[[TestResult name=verifyAlertMessageIsShownWithWrongUsername status=SUCCESS method=LoginTest.verifyAlertMessageIsShownWithWrongUsername()[pri:0, instance:com.sevenrmartsupermart.tests.LoginTest@710c2b53] output={null}]]]>
              </value>
            </param>
          </params>
          <reporter-output>
          </reporter-output>
        </test-method> <!-- terminateSession -->
        <test-method is-config="true" signature="launchBrowser()[pri:0, instance:com.sevenrmartsupermart.tests.LoginTest@710c2b53]" started-at="2024-11-27T13:34:02 IST" name="launchBrowser" finished-at="2024-11-27T13:34:07 IST" duration-ms="5668" status="PASS">
          <reporter-output>
          </reporter-output>
        </test-method> <!-- launchBrowser -->
        <test-method signature="verifyAlertMessageIsShownWithWrongUsernameAndPassword()[pri:0, instance:com.sevenrmartsupermart.tests.LoginTest@710c2b53]" started-at="2024-11-27T13:34:07 IST" name="verifyAlertMessageIsShownWithWrongUsernameAndPassword" finished-at="2024-11-27T13:34:11 IST" duration-ms="3616" status="PASS">
          <reporter-output>
          </reporter-output>
        </test-method> <!-- verifyAlertMessageIsShownWithWrongUsernameAndPassword -->
        <test-method is-config="true" signature="terminateSession(org.testng.ITestResult)[pri:0, instance:com.sevenrmartsupermart.tests.LoginTest@710c2b53]" started-at="2024-11-27T13:34:11 IST" name="terminateSession" finished-at="2024-11-27T13:34:12 IST" duration-ms="652" status="PASS">
          <params>
            <param index="0">
              <value>
                <![CDATA[[TestResult name=verifyAlertMessageIsShownWithWrongUsernameAndPassword status=SUCCESS method=LoginTest.verifyAlertMessageIsShownWithWrongUsernameAndPassword()[pri:0, instance:com.sevenrmartsupermart.tests.LoginTest@710c2b53] output={null}]]]>
              </value>
            </param>
          </params>
          <reporter-output>
          </reporter-output>
        </test-method> <!-- terminateSession -->
        <test-method is-config="true" signature="launchBrowser()[pri:0, instance:com.sevenrmartsupermart.tests.LoginTest@710c2b53]" started-at="2024-11-27T13:34:12 IST" name="launchBrowser" finished-at="2024-11-27T13:34:18 IST" duration-ms="6000" status="PASS">
          <reporter-output>
          </reporter-output>
        </test-method> <!-- launchBrowser -->
        <test-method signature="verifyCSSAttributesofSignInButton()[pri:0, instance:com.sevenrmartsupermart.tests.LoginTest@710c2b53]" started-at="2024-11-27T13:34:18 IST" name="verifyCSSAttributesofSignInButton" finished-at="2024-11-27T13:34:18 IST" duration-ms="342" status="PASS">
          <reporter-output>
          </reporter-output>
        </test-method> <!-- verifyCSSAttributesofSignInButton -->
        <test-method is-config="true" signature="terminateSession(org.testng.ITestResult)[pri:0, instance:com.sevenrmartsupermart.tests.LoginTest@710c2b53]" started-at="2024-11-27T13:34:18 IST" name="terminateSession" finished-at="2024-11-27T13:34:21 IST" duration-ms="2784" status="PASS">
          <params>
            <param index="0">
              <value>
                <![CDATA[[TestResult name=verifyCSSAttributesofSignInButton status=SUCCESS method=LoginTest.verifyCSSAttributesofSignInButton()[pri:0, instance:com.sevenrmartsupermart.tests.LoginTest@710c2b53] output={null}]]]>
              </value>
            </param>
          </params>
          <reporter-output>
          </reporter-output>
        </test-method> <!-- terminateSession -->
        <test-method is-config="true" signature="launchBrowser()[pri:0, instance:com.sevenrmartsupermart.tests.LoginTest@710c2b53]" started-at="2024-11-27T13:34:21 IST" name="launchBrowser" finished-at="2024-11-27T13:34:28 IST" duration-ms="7030" status="PASS">
          <reporter-output>
          </reporter-output>
        </test-method> <!-- launchBrowser -->
        <test-method signature="verifyLoginDetailsAreSavedAfterClickingRememberMeCheckBox()[pri:0, instance:com.sevenrmartsupermart.tests.LoginTest@710c2b53]" started-at="2024-11-27T13:34:28 IST" name="verifyLoginDetailsAreSavedAfterClickingRememberMeCheckBox" finished-at="2024-11-27T13:34:32 IST" duration-ms="3896" status="PASS">
          <reporter-output>
          </reporter-output>
        </test-method> <!-- verifyLoginDetailsAreSavedAfterClickingRememberMeCheckBox -->
        <test-method is-config="true" signature="terminateSession(org.testng.ITestResult)[pri:0, instance:com.sevenrmartsupermart.tests.LoginTest@710c2b53]" started-at="2024-11-27T13:34:32 IST" name="terminateSession" finished-at="2024-11-27T13:34:32 IST" duration-ms="670" status="PASS">
          <params>
            <param index="0">
              <value>
                <![CDATA[[TestResult name=verifyLoginDetailsAreSavedAfterClickingRememberMeCheckBox status=SUCCESS method=LoginTest.verifyLoginDetailsAreSavedAfterClickingRememberMeCheckBox()[pri:0, instance:com.sevenrmartsupermart.tests.LoginTest@710c2b53] output={null}]]]>
              </value>
            </param>
          </params>
          <reporter-output>
          </reporter-output>
        </test-method> <!-- terminateSession -->
        <test-method is-config="true" signature="launchBrowser()[pri:0, instance:com.sevenrmartsupermart.tests.LoginTest@710c2b53]" started-at="2024-11-27T13:34:32 IST" name="launchBrowser" finished-at="2024-11-27T13:34:38 IST" duration-ms="5725" status="PASS">
          <reporter-output>
          </reporter-output>
        </test-method> <!-- launchBrowser -->
        <test-method signature="verifyLoginIsAllowedUsingEnterKeyInKeyboard()[pri:0, instance:com.sevenrmartsupermart.tests.LoginTest@710c2b53]" started-at="2024-11-27T13:34:38 IST" name="verifyLoginIsAllowedUsingEnterKeyInKeyboard" finished-at="2024-11-27T13:34:41 IST" duration-ms="2922" status="PASS">
          <reporter-output>
          </reporter-output>
        </test-method> <!-- verifyLoginIsAllowedUsingEnterKeyInKeyboard -->
        <test-method is-config="true" signature="terminateSession(org.testng.ITestResult)[pri:0, instance:com.sevenrmartsupermart.tests.LoginTest@710c2b53]" started-at="2024-11-27T13:34:41 IST" name="terminateSession" finished-at="2024-11-27T13:34:42 IST" duration-ms="1100" status="PASS">
          <params>
            <param index="0">
              <value>
                <![CDATA[[TestResult name=verifyLoginIsAllowedUsingEnterKeyInKeyboard status=SUCCESS method=LoginTest.verifyLoginIsAllowedUsingEnterKeyInKeyboard()[pri:0, instance:com.sevenrmartsupermart.tests.LoginTest@710c2b53] output={null}]]]>
              </value>
            </param>
          </params>
          <reporter-output>
          </reporter-output>
        </test-method> <!-- terminateSession -->
        <test-method is-config="true" signature="launchBrowser()[pri:0, instance:com.sevenrmartsupermart.tests.LoginTest@710c2b53]" started-at="2024-11-27T13:34:42 IST" name="launchBrowser" finished-at="2024-11-27T13:34:48 IST" duration-ms="5808" status="PASS">
          <reporter-output>
          </reporter-output>
        </test-method> <!-- launchBrowser -->
        <test-method signature="verifyLoginIsNotAllowedWithoutPassword()[pri:0, instance:com.sevenrmartsupermart.tests.LoginTest@710c2b53]" started-at="2024-11-27T13:34:48 IST" name="verifyLoginIsNotAllowedWithoutPassword" finished-at="2024-11-27T13:34:49 IST" duration-ms="846" status="PASS">
          <reporter-output>
          </reporter-output>
        </test-method> <!-- verifyLoginIsNotAllowedWithoutPassword -->
        <test-method is-config="true" signature="terminateSession(org.testng.ITestResult)[pri:0, instance:com.sevenrmartsupermart.tests.LoginTest@710c2b53]" started-at="2024-11-27T13:34:49 IST" name="terminateSession" finished-at="2024-11-27T13:34:51 IST" duration-ms="2174" status="PASS">
          <params>
            <param index="0">
              <value>
                <![CDATA[[TestResult name=verifyLoginIsNotAllowedWithoutPassword status=SUCCESS method=LoginTest.verifyLoginIsNotAllowedWithoutPassword()[pri:0, instance:com.sevenrmartsupermart.tests.LoginTest@710c2b53] output={null}]]]>
              </value>
            </param>
          </params>
          <reporter-output>
          </reporter-output>
        </test-method> <!-- terminateSession -->
        <test-method is-config="true" signature="launchBrowser()[pri:0, instance:com.sevenrmartsupermart.tests.LoginTest@710c2b53]" started-at="2024-11-27T13:34:51 IST" name="launchBrowser" finished-at="2024-11-27T13:34:55 IST" duration-ms="4564" status="PASS">
          <reporter-output>
          </reporter-output>
        </test-method> <!-- launchBrowser -->
        <test-method signature="verifyLoginIsNotAllowedWithoutUsername()[pri:0, instance:com.sevenrmartsupermart.tests.LoginTest@710c2b53]" started-at="2024-11-27T13:34:55 IST" name="verifyLoginIsNotAllowedWithoutUsername" finished-at="2024-11-27T13:34:57 IST" duration-ms="1800" status="PASS">
          <reporter-output>
          </reporter-output>
        </test-method> <!-- verifyLoginIsNotAllowedWithoutUsername -->
        <test-method is-config="true" signature="terminateSession(org.testng.ITestResult)[pri:0, instance:com.sevenrmartsupermart.tests.LoginTest@710c2b53]" started-at="2024-11-27T13:34:57 IST" name="terminateSession" finished-at="2024-11-27T13:35:01 IST" duration-ms="3553" status="PASS">
          <params>
            <param index="0">
              <value>
                <![CDATA[[TestResult name=verifyLoginIsNotAllowedWithoutUsername status=SUCCESS method=LoginTest.verifyLoginIsNotAllowedWithoutUsername()[pri:0, instance:com.sevenrmartsupermart.tests.LoginTest@710c2b53] output={null}]]]>
              </value>
            </param>
          </params>
          <reporter-output>
          </reporter-output>
        </test-method> <!-- terminateSession -->
        <test-method is-config="true" signature="launchBrowser()[pri:0, instance:com.sevenrmartsupermart.tests.LoginTest@710c2b53]" started-at="2024-11-27T13:35:01 IST" name="launchBrowser" finished-at="2024-11-27T13:35:07 IST" duration-ms="5811" status="PASS">
          <reporter-output>
          </reporter-output>
        </test-method> <!-- launchBrowser -->
        <test-method signature="verifyRememberMeCheckboxIsEnabled()[pri:0, instance:com.sevenrmartsupermart.tests.LoginTest@710c2b53]" started-at="2024-11-27T13:35:07 IST" name="verifyRememberMeCheckboxIsEnabled" finished-at="2024-11-27T13:35:07 IST" duration-ms="485" status="PASS">
          <reporter-output>
          </reporter-output>
        </test-method> <!-- verifyRememberMeCheckboxIsEnabled -->
        <test-method is-config="true" signature="terminateSession(org.testng.ITestResult)[pri:0, instance:com.sevenrmartsupermart.tests.LoginTest@710c2b53]" started-at="2024-11-27T13:35:07 IST" name="terminateSession" finished-at="2024-11-27T13:35:11 IST" duration-ms="4184" status="PASS">
          <params>
            <param index="0">
              <value>
                <![CDATA[[TestResult name=verifyRememberMeCheckboxIsEnabled status=SUCCESS method=LoginTest.verifyRememberMeCheckboxIsEnabled()[pri:0, instance:com.sevenrmartsupermart.tests.LoginTest@710c2b53] output={null}]]]>
              </value>
            </param>
          </params>
          <reporter-output>
          </reporter-output>
        </test-method> <!-- terminateSession -->
      </class> <!-- com.sevenrmartsupermart.tests.LoginTest -->
    </test> <!-- smoketest -->
    <test started-at="2024-11-27T13:33:21 IST" name="sanity" finished-at="2024-11-27T13:35:29 IST" duration-ms="127324">
      <class name="com.sevenrmartsupermart.tests.HomeTest">
        <test-method is-config="true" signature="launchBrowser()[pri:0, instance:com.sevenrmartsupermart.tests.HomeTest@14fc5f04]" started-at="2024-11-27T13:35:14 IST" name="launchBrowser" finished-at="2024-11-27T13:35:19 IST" duration-ms="4810" status="PASS">
          <reporter-output>
          </reporter-output>
        </test-method> <!-- launchBrowser -->
        <test-method signature="verifyHomePageOptions()[pri:0, instance:com.sevenrmartsupermart.tests.HomeTest@14fc5f04]" started-at="2024-11-27T13:35:19 IST" name="verifyHomePageOptions" finished-at="2024-11-27T13:35:21 IST" duration-ms="1630" status="PASS">
          <reporter-output>
          </reporter-output>
        </test-method> <!-- verifyHomePageOptions -->
        <test-method is-config="true" signature="terminateSession(org.testng.ITestResult)[pri:0, instance:com.sevenrmartsupermart.tests.HomeTest@14fc5f04]" started-at="2024-11-27T13:35:21 IST" name="terminateSession" finished-at="2024-11-27T13:35:21 IST" duration-ms="449" status="PASS">
          <params>
            <param index="0">
              <value>
                <![CDATA[[TestResult name=verifyHomePageOptions status=SUCCESS method=HomeTest.verifyHomePageOptions()[pri:0, instance:com.sevenrmartsupermart.tests.HomeTest@14fc5f04] output={null}]]]>
              </value>
            </param>
          </params>
          <reporter-output>
          </reporter-output>
        </test-method> <!-- terminateSession -->
        <test-method is-config="true" signature="launchBrowser()[pri:0, instance:com.sevenrmartsupermart.tests.HomeTest@14fc5f04]" started-at="2024-11-27T13:35:21 IST" name="launchBrowser" finished-at="2024-11-27T13:35:26 IST" duration-ms="4324" status="PASS">
          <reporter-output>
          </reporter-output>
        </test-method> <!-- launchBrowser -->
        <test-method signature="verifyWhetherClickingOnLogoutButtonLogsOutAdminUserFromTheirAccount()[pri:0, instance:com.sevenrmartsupermart.tests.HomeTest@14fc5f04]" started-at="2024-11-27T13:35:26 IST" name="verifyWhetherClickingOnLogoutButtonLogsOutAdminUserFromTheirAccount" finished-at="2024-11-27T13:35:28 IST" duration-ms="2520" status="PASS">
          <reporter-output>
          </reporter-output>
        </test-method> <!-- verifyWhetherClickingOnLogoutButtonLogsOutAdminUserFromTheirAccount -->
        <test-method is-config="true" signature="terminateSession(org.testng.ITestResult)[pri:0, instance:com.sevenrmartsupermart.tests.HomeTest@14fc5f04]" started-at="2024-11-27T13:35:28 IST" name="terminateSession" finished-at="2024-11-27T13:35:29 IST" duration-ms="285" status="PASS">
          <params>
            <param index="0">
              <value>
                <![CDATA[[TestResult name=verifyWhetherClickingOnLogoutButtonLogsOutAdminUserFromTheirAccount status=SUCCESS method=HomeTest.verifyWhetherClickingOnLogoutButtonLogsOutAdminUserFromTheirAccount()[pri:0, instance:com.sevenrmartsupermart.tests.HomeTest@14fc5f04] output={null}]]]>
              </value>
            </param>
          </params>
          <reporter-output>
          </reporter-output>
        </test-method> <!-- terminateSession -->
      </class> <!-- com.sevenrmartsupermart.tests.HomeTest -->
      <class name="com.sevenrmartsupermart.tests.LoginTest">
        <test-method is-config="true" signature="launchBrowser()[pri:0, instance:com.sevenrmartsupermart.tests.LoginTest@33ecda92]" started-at="2024-11-27T13:33:21 IST" name="launchBrowser" finished-at="2024-11-27T13:33:32 IST" duration-ms="10432" status="PASS">
          <reporter-output>
          </reporter-output>
        </test-method> <!-- launchBrowser -->
        <test-method signature="checkGroceryAppName()[pri:0, instance:com.sevenrmartsupermart.tests.LoginTest@33ecda92]" started-at="2024-11-27T13:33:32 IST" name="checkGroceryAppName" finished-at="2024-11-27T13:33:32 IST" duration-ms="106" status="PASS">
          <reporter-output>
          </reporter-output>
        </test-method> <!-- checkGroceryAppName -->
        <test-method is-config="true" signature="terminateSession(org.testng.ITestResult)[pri:0, instance:com.sevenrmartsupermart.tests.LoginTest@33ecda92]" started-at="2024-11-27T13:33:32 IST" name="terminateSession" finished-at="2024-11-27T13:33:32 IST" duration-ms="396" status="PASS">
          <params>
            <param index="0">
              <value>
                <![CDATA[[TestResult name=checkGroceryAppName status=SUCCESS method=LoginTest.checkGroceryAppName()[pri:0, instance:com.sevenrmartsupermart.tests.LoginTest@33ecda92] output={null}]]]>
              </value>
            </param>
          </params>
          <reporter-output>
          </reporter-output>
        </test-method> <!-- terminateSession -->
        <test-method is-config="true" signature="launchBrowser()[pri:0, instance:com.sevenrmartsupermart.tests.LoginTest@33ecda92]" started-at="2024-11-27T13:33:32 IST" name="launchBrowser" finished-at="2024-11-27T13:33:37 IST" duration-ms="5132" status="PASS">
          <reporter-output>
          </reporter-output>
        </test-method> <!-- launchBrowser -->
        <test-method signature="verifyAdminUserLogin()[pri:0, instance:com.sevenrmartsupermart.tests.LoginTest@33ecda92]" started-at="2024-11-27T13:33:37 IST" name="verifyAdminUserLogin" finished-at="2024-11-27T13:33:42 IST" duration-ms="4148" status="PASS">
          <reporter-output>
          </reporter-output>
        </test-method> <!-- verifyAdminUserLogin -->
        <test-method is-config="true" signature="terminateSession(org.testng.ITestResult)[pri:0, instance:com.sevenrmartsupermart.tests.LoginTest@33ecda92]" started-at="2024-11-27T13:33:42 IST" name="terminateSession" finished-at="2024-11-27T13:33:44 IST" duration-ms="2428" status="PASS">
          <params>
            <param index="0">
              <value>
                <![CDATA[[TestResult name=verifyAdminUserLogin status=SUCCESS method=LoginTest.verifyAdminUserLogin()[pri:0, instance:com.sevenrmartsupermart.tests.LoginTest@33ecda92] output={null}]]]>
              </value>
            </param>
          </params>
          <reporter-output>
          </reporter-output>
        </test-method> <!-- terminateSession -->
        <test-method is-config="true" signature="launchBrowser()[pri:0, instance:com.sevenrmartsupermart.tests.LoginTest@33ecda92]" started-at="2024-11-27T13:33:44 IST" name="launchBrowser" finished-at="2024-11-27T13:33:49 IST" duration-ms="5143" status="PASS">
          <reporter-output>
          </reporter-output>
        </test-method> <!-- launchBrowser -->
        <test-method signature="verifyAlertMessageIsShownWithWrongPassword()[pri:0, instance:com.sevenrmartsupermart.tests.LoginTest@33ecda92]" started-at="2024-11-27T13:33:49 IST" name="verifyAlertMessageIsShownWithWrongPassword" finished-at="2024-11-27T13:33:51 IST" duration-ms="1539" status="PASS">
          <reporter-output>
          </reporter-output>
        </test-method> <!-- verifyAlertMessageIsShownWithWrongPassword -->
        <test-method is-config="true" signature="terminateSession(org.testng.ITestResult)[pri:0, instance:com.sevenrmartsupermart.tests.LoginTest@33ecda92]" started-at="2024-11-27T13:33:51 IST" name="terminateSession" finished-at="2024-11-27T13:33:51 IST" duration-ms="810" status="PASS">
          <params>
            <param index="0">
              <value>
                <![CDATA[[TestResult name=verifyAlertMessageIsShownWithWrongPassword status=SUCCESS method=LoginTest.verifyAlertMessageIsShownWithWrongPassword()[pri:0, instance:com.sevenrmartsupermart.tests.LoginTest@33ecda92] output={null}]]]>
              </value>
            </param>
          </params>
          <reporter-output>
          </reporter-output>
        </test-method> <!-- terminateSession -->
        <test-method is-config="true" signature="launchBrowser()[pri:0, instance:com.sevenrmartsupermart.tests.LoginTest@33ecda92]" started-at="2024-11-27T13:33:51 IST" name="launchBrowser" finished-at="2024-11-27T13:33:56 IST" duration-ms="4771" status="PASS">
          <reporter-output>
          </reporter-output>
        </test-method> <!-- launchBrowser -->
        <test-method signature="verifyAlertMessageIsShownWithWrongUsername()[pri:0, instance:com.sevenrmartsupermart.tests.LoginTest@33ecda92]" started-at="2024-11-27T13:33:56 IST" name="verifyAlertMessageIsShownWithWrongUsername" finished-at="2024-11-27T13:33:58 IST" duration-ms="2132" status="PASS">
          <reporter-output>
          </reporter-output>
        </test-method> <!-- verifyAlertMessageIsShownWithWrongUsername -->
        <test-method is-config="true" signature="terminateSession(org.testng.ITestResult)[pri:0, instance:com.sevenrmartsupermart.tests.LoginTest@33ecda92]" started-at="2024-11-27T13:33:58 IST" name="terminateSession" finished-at="2024-11-27T13:34:01 IST" duration-ms="2616" status="PASS">
          <params>
            <param index="0">
              <value>
                <![CDATA[[TestResult name=verifyAlertMessageIsShownWithWrongUsername status=SUCCESS method=LoginTest.verifyAlertMessageIsShownWithWrongUsername()[pri:0, instance:com.sevenrmartsupermart.tests.LoginTest@33ecda92] output={null}]]]>
              </value>
            </param>
          </params>
          <reporter-output>
          </reporter-output>
        </test-method> <!-- terminateSession -->
        <test-method is-config="true" signature="launchBrowser()[pri:0, instance:com.sevenrmartsupermart.tests.LoginTest@33ecda92]" started-at="2024-11-27T13:34:01 IST" name="launchBrowser" finished-at="2024-11-27T13:34:07 IST" duration-ms="5906" status="PASS">
          <reporter-output>
          </reporter-output>
        </test-method> <!-- launchBrowser -->
        <test-method signature="verifyAlertMessageIsShownWithWrongUsernameAndPassword()[pri:0, instance:com.sevenrmartsupermart.tests.LoginTest@33ecda92]" started-at="2024-11-27T13:34:07 IST" name="verifyAlertMessageIsShownWithWrongUsernameAndPassword" finished-at="2024-11-27T13:34:12 IST" duration-ms="4764" status="PASS">
          <reporter-output>
          </reporter-output>
        </test-method> <!-- verifyAlertMessageIsShownWithWrongUsernameAndPassword -->
        <test-method is-config="true" signature="terminateSession(org.testng.ITestResult)[pri:0, instance:com.sevenrmartsupermart.tests.LoginTest@33ecda92]" started-at="2024-11-27T13:34:12 IST" name="terminateSession" finished-at="2024-11-27T13:34:14 IST" duration-ms="2366" status="PASS">
          <params>
            <param index="0">
              <value>
                <![CDATA[[TestResult name=verifyAlertMessageIsShownWithWrongUsernameAndPassword status=SUCCESS method=LoginTest.verifyAlertMessageIsShownWithWrongUsernameAndPassword()[pri:0, instance:com.sevenrmartsupermart.tests.LoginTest@33ecda92] output={null}]]]>
              </value>
            </param>
          </params>
          <reporter-output>
          </reporter-output>
        </test-method> <!-- terminateSession -->
        <test-method is-config="true" signature="launchBrowser()[pri:0, instance:com.sevenrmartsupermart.tests.LoginTest@33ecda92]" started-at="2024-11-27T13:34:14 IST" name="launchBrowser" finished-at="2024-11-27T13:34:20 IST" duration-ms="5971" status="PASS">
          <reporter-output>
          </reporter-output>
        </test-method> <!-- launchBrowser -->
        <test-method signature="verifyCSSAttributesofSignInButton()[pri:0, instance:com.sevenrmartsupermart.tests.LoginTest@33ecda92]" started-at="2024-11-27T13:34:20 IST" name="verifyCSSAttributesofSignInButton" finished-at="2024-11-27T13:34:20 IST" duration-ms="269" status="PASS">
          <reporter-output>
          </reporter-output>
        </test-method> <!-- verifyCSSAttributesofSignInButton -->
        <test-method is-config="true" signature="terminateSession(org.testng.ITestResult)[pri:0, instance:com.sevenrmartsupermart.tests.LoginTest@33ecda92]" started-at="2024-11-27T13:34:20 IST" name="terminateSession" finished-at="2024-11-27T13:34:24 IST" duration-ms="3499" status="PASS">
          <params>
            <param index="0">
              <value>
                <![CDATA[[TestResult name=verifyCSSAttributesofSignInButton status=SUCCESS method=LoginTest.verifyCSSAttributesofSignInButton()[pri:0, instance:com.sevenrmartsupermart.tests.LoginTest@33ecda92] output={null}]]]>
              </value>
            </param>
          </params>
          <reporter-output>
          </reporter-output>
        </test-method> <!-- terminateSession -->
        <test-method is-config="true" signature="launchBrowser()[pri:0, instance:com.sevenrmartsupermart.tests.LoginTest@33ecda92]" started-at="2024-11-27T13:34:24 IST" name="launchBrowser" finished-at="2024-11-27T13:34:29 IST" duration-ms="5202" status="PASS">
          <reporter-output>
          </reporter-output>
        </test-method> <!-- launchBrowser -->
        <test-method signature="verifyLoginDetailsAreSavedAfterClickingRememberMeCheckBox()[pri:0, instance:com.sevenrmartsupermart.tests.LoginTest@33ecda92]" started-at="2024-11-27T13:34:29 IST" name="verifyLoginDetailsAreSavedAfterClickingRememberMeCheckBox" finished-at="2024-11-27T13:34:33 IST" duration-ms="3686" status="PASS">
          <reporter-output>
          </reporter-output>
        </test-method> <!-- verifyLoginDetailsAreSavedAfterClickingRememberMeCheckBox -->
        <test-method is-config="true" signature="terminateSession(org.testng.ITestResult)[pri:0, instance:com.sevenrmartsupermart.tests.LoginTest@33ecda92]" started-at="2024-11-27T13:34:33 IST" name="terminateSession" finished-at="2024-11-27T13:34:39 IST" duration-ms="5985" status="PASS">
          <params>
            <param index="0">
              <value>
                <![CDATA[[TestResult name=verifyLoginDetailsAreSavedAfterClickingRememberMeCheckBox status=SUCCESS method=LoginTest.verifyLoginDetailsAreSavedAfterClickingRememberMeCheckBox()[pri:0, instance:com.sevenrmartsupermart.tests.LoginTest@33ecda92] output={null}]]]>
              </value>
            </param>
          </params>
          <reporter-output>
          </reporter-output>
        </test-method> <!-- terminateSession -->
        <test-method is-config="true" signature="launchBrowser()[pri:0, instance:com.sevenrmartsupermart.tests.LoginTest@33ecda92]" started-at="2024-11-27T13:34:39 IST" name="launchBrowser" finished-at="2024-11-27T13:34:45 IST" duration-ms="6009" status="PASS">
          <reporter-output>
          </reporter-output>
        </test-method> <!-- launchBrowser -->
        <test-method signature="verifyLoginIsAllowedUsingEnterKeyInKeyboard()[pri:0, instance:com.sevenrmartsupermart.tests.LoginTest@33ecda92]" started-at="2024-11-27T13:34:45 IST" name="verifyLoginIsAllowedUsingEnterKeyInKeyboard" finished-at="2024-11-27T13:34:47 IST" duration-ms="2179" status="PASS">
          <reporter-output>
          </reporter-output>
        </test-method> <!-- verifyLoginIsAllowedUsingEnterKeyInKeyboard -->
        <test-method is-config="true" signature="terminateSession(org.testng.ITestResult)[pri:0, instance:com.sevenrmartsupermart.tests.LoginTest@33ecda92]" started-at="2024-11-27T13:34:47 IST" name="terminateSession" finished-at="2024-11-27T13:34:49 IST" duration-ms="2323" status="PASS">
          <params>
            <param index="0">
              <value>
                <![CDATA[[TestResult name=verifyLoginIsAllowedUsingEnterKeyInKeyboard status=SUCCESS method=LoginTest.verifyLoginIsAllowedUsingEnterKeyInKeyboard()[pri:0, instance:com.sevenrmartsupermart.tests.LoginTest@33ecda92] output={null}]]]>
              </value>
            </param>
          </params>
          <reporter-output>
          </reporter-output>
        </test-method> <!-- terminateSession -->
        <test-method is-config="true" signature="launchBrowser()[pri:0, instance:com.sevenrmartsupermart.tests.LoginTest@33ecda92]" started-at="2024-11-27T13:34:49 IST" name="launchBrowser" finished-at="2024-11-27T13:34:54 IST" duration-ms="5122" status="PASS">
          <reporter-output>
          </reporter-output>
        </test-method> <!-- launchBrowser -->
        <test-method signature="verifyLoginIsNotAllowedWithoutPassword()[pri:0, instance:com.sevenrmartsupermart.tests.LoginTest@33ecda92]" started-at="2024-11-27T13:34:54 IST" name="verifyLoginIsNotAllowedWithoutPassword" finished-at="2024-11-27T13:34:56 IST" duration-ms="2203" status="PASS">
          <reporter-output>
          </reporter-output>
        </test-method> <!-- verifyLoginIsNotAllowedWithoutPassword -->
        <test-method is-config="true" signature="terminateSession(org.testng.ITestResult)[pri:0, instance:com.sevenrmartsupermart.tests.LoginTest@33ecda92]" started-at="2024-11-27T13:34:56 IST" name="terminateSession" finished-at="2024-11-27T13:35:01 IST" duration-ms="4392" status="PASS">
          <params>
            <param index="0">
              <value>
                <![CDATA[[TestResult name=verifyLoginIsNotAllowedWithoutPassword status=SUCCESS method=LoginTest.verifyLoginIsNotAllowedWithoutPassword()[pri:0, instance:com.sevenrmartsupermart.tests.LoginTest@33ecda92] output={null}]]]>
              </value>
            </param>
          </params>
          <reporter-output>
          </reporter-output>
        </test-method> <!-- terminateSession -->
        <test-method is-config="true" signature="launchBrowser()[pri:0, instance:com.sevenrmartsupermart.tests.LoginTest@33ecda92]" started-at="2024-11-27T13:35:01 IST" name="launchBrowser" finished-at="2024-11-27T13:35:07 IST" duration-ms="6381" status="PASS">
          <reporter-output>
          </reporter-output>
        </test-method> <!-- launchBrowser -->
        <test-method signature="verifyLoginIsNotAllowedWithoutUsername()[pri:0, instance:com.sevenrmartsupermart.tests.LoginTest@33ecda92]" started-at="2024-11-27T13:35:07 IST" name="verifyLoginIsNotAllowedWithoutUsername" finished-at="2024-11-27T13:35:08 IST" duration-ms="1174" status="PASS">
          <reporter-output>
          </reporter-output>
        </test-method> <!-- verifyLoginIsNotAllowedWithoutUsername -->
        <test-method is-config="true" signature="terminateSession(org.testng.ITestResult)[pri:0, instance:com.sevenrmartsupermart.tests.LoginTest@33ecda92]" started-at="2024-11-27T13:35:08 IST" name="terminateSession" finished-at="2024-11-27T13:35:09 IST" duration-ms="389" status="PASS">
          <params>
            <param index="0">
              <value>
                <![CDATA[[TestResult name=verifyLoginIsNotAllowedWithoutUsername status=SUCCESS method=LoginTest.verifyLoginIsNotAllowedWithoutUsername()[pri:0, instance:com.sevenrmartsupermart.tests.LoginTest@33ecda92] output={null}]]]>
              </value>
            </param>
          </params>
          <reporter-output>
          </reporter-output>
        </test-method> <!-- terminateSession -->
        <test-method is-config="true" signature="launchBrowser()[pri:0, instance:com.sevenrmartsupermart.tests.LoginTest@33ecda92]" started-at="2024-11-27T13:35:09 IST" name="launchBrowser" finished-at="2024-11-27T13:35:14 IST" duration-ms="4822" status="PASS">
          <reporter-output>
          </reporter-output>
        </test-method> <!-- launchBrowser -->
        <test-method signature="verifyRememberMeCheckboxIsEnabled()[pri:0, instance:com.sevenrmartsupermart.tests.LoginTest@33ecda92]" started-at="2024-11-27T13:35:14 IST" name="verifyRememberMeCheckboxIsEnabled" finished-at="2024-11-27T13:35:14 IST" duration-ms="451" status="PASS">
          <reporter-output>
          </reporter-output>
        </test-method> <!-- verifyRememberMeCheckboxIsEnabled -->
        <test-method is-config="true" signature="terminateSession(org.testng.ITestResult)[pri:0, instance:com.sevenrmartsupermart.tests.LoginTest@33ecda92]" started-at="2024-11-27T13:35:14 IST" name="terminateSession" finished-at="2024-11-27T13:35:14 IST" duration-ms="402" status="PASS">
          <params>
            <param index="0">
              <value>
                <![CDATA[[TestResult name=verifyRememberMeCheckboxIsEnabled status=SUCCESS method=LoginTest.verifyRememberMeCheckboxIsEnabled()[pri:0, instance:com.sevenrmartsupermart.tests.LoginTest@33ecda92] output={null}]]]>
              </value>
            </param>
          </params>
          <reporter-output>
          </reporter-output>
        </test-method> <!-- terminateSession -->
      </class> <!-- com.sevenrmartsupermart.tests.LoginTest -->
    </test> <!-- sanity -->
    <test started-at="2024-11-27T13:33:21 IST" name="regression" finished-at="2024-11-27T13:37:18 IST" duration-ms="237062">
      <class name="com.sevenrmartsupermart.tests.HomeTest">
        <test-method is-config="true" signature="launchBrowser()[pri:0, instance:com.sevenrmartsupermart.tests.HomeTest@4d15107f]" started-at="2024-11-27T13:35:09 IST" name="launchBrowser" finished-at="2024-11-27T13:35:14 IST" duration-ms="5182" status="PASS">
          <reporter-output>
          </reporter-output>
        </test-method> <!-- launchBrowser -->
        <test-method signature="verifyHomePageOptions()[pri:0, instance:com.sevenrmartsupermart.tests.HomeTest@4d15107f]" started-at="2024-11-27T13:35:14 IST" name="verifyHomePageOptions" finished-at="2024-11-27T13:35:17 IST" duration-ms="2281" status="PASS">
          <reporter-output>
          </reporter-output>
        </test-method> <!-- verifyHomePageOptions -->
        <test-method is-config="true" signature="terminateSession(org.testng.ITestResult)[pri:0, instance:com.sevenrmartsupermart.tests.HomeTest@4d15107f]" started-at="2024-11-27T13:35:17 IST" name="terminateSession" finished-at="2024-11-27T13:35:17 IST" duration-ms="325" status="PASS">
          <params>
            <param index="0">
              <value>
                <![CDATA[[TestResult name=verifyHomePageOptions status=SUCCESS method=HomeTest.verifyHomePageOptions()[pri:0, instance:com.sevenrmartsupermart.tests.HomeTest@4d15107f] output={null}]]]>
              </value>
            </param>
          </params>
          <reporter-output>
          </reporter-output>
        </test-method> <!-- terminateSession -->
        <test-method is-config="true" signature="launchBrowser()[pri:0, instance:com.sevenrmartsupermart.tests.HomeTest@4d15107f]" started-at="2024-11-27T13:35:17 IST" name="launchBrowser" finished-at="2024-11-27T13:35:21 IST" duration-ms="4305" status="PASS">
          <reporter-output>
          </reporter-output>
        </test-method> <!-- launchBrowser -->
        <test-method signature="verifyWhetherClickingOnLogoutButtonLogsOutAdminUserFromTheirAccount()[pri:0, instance:com.sevenrmartsupermart.tests.HomeTest@4d15107f]" started-at="2024-11-27T13:35:21 IST" name="verifyWhetherClickingOnLogoutButtonLogsOutAdminUserFromTheirAccount" finished-at="2024-11-27T13:35:24 IST" duration-ms="2563" status="PASS">
          <reporter-output>
          </reporter-output>
        </test-method> <!-- verifyWhetherClickingOnLogoutButtonLogsOutAdminUserFromTheirAccount -->
        <test-method is-config="true" signature="terminateSession(org.testng.ITestResult)[pri:0, instance:com.sevenrmartsupermart.tests.HomeTest@4d15107f]" started-at="2024-11-27T13:35:24 IST" name="terminateSession" finished-at="2024-11-27T13:35:24 IST" duration-ms="224" status="PASS">
          <params>
            <param index="0">
              <value>
                <![CDATA[[TestResult name=verifyWhetherClickingOnLogoutButtonLogsOutAdminUserFromTheirAccount status=SUCCESS method=HomeTest.verifyWhetherClickingOnLogoutButtonLogsOutAdminUserFromTheirAccount()[pri:0, instance:com.sevenrmartsupermart.tests.HomeTest@4d15107f] output={null}]]]>
              </value>
            </param>
          </params>
          <reporter-output>
          </reporter-output>
        </test-method> <!-- terminateSession -->
      </class> <!-- com.sevenrmartsupermart.tests.HomeTest -->
      <class name="com.sevenrmartsupermart.tests.LoginTest">
        <test-method is-config="true" signature="launchBrowser()[pri:0, instance:com.sevenrmartsupermart.tests.LoginTest@25df00a0]" started-at="2024-11-27T13:33:21 IST" name="launchBrowser" finished-at="2024-11-27T13:33:31 IST" duration-ms="9270" status="PASS">
          <reporter-output>
          </reporter-output>
        </test-method> <!-- launchBrowser -->
        <test-method signature="checkGroceryAppName()[pri:0, instance:com.sevenrmartsupermart.tests.LoginTest@25df00a0]" started-at="2024-11-27T13:33:31 IST" name="checkGroceryAppName" finished-at="2024-11-27T13:33:31 IST" duration-ms="267" status="PASS">
          <reporter-output>
          </reporter-output>
        </test-method> <!-- checkGroceryAppName -->
        <test-method is-config="true" signature="terminateSession(org.testng.ITestResult)[pri:0, instance:com.sevenrmartsupermart.tests.LoginTest@25df00a0]" started-at="2024-11-27T13:33:31 IST" name="terminateSession" finished-at="2024-11-27T13:33:33 IST" duration-ms="2027" status="PASS">
          <params>
            <param index="0">
              <value>
                <![CDATA[[TestResult name=checkGroceryAppName status=SUCCESS method=LoginTest.checkGroceryAppName()[pri:0, instance:com.sevenrmartsupermart.tests.LoginTest@25df00a0] output={null}]]]>
              </value>
            </param>
          </params>
          <reporter-output>
          </reporter-output>
        </test-method> <!-- terminateSession -->
        <test-method is-config="true" signature="launchBrowser()[pri:0, instance:com.sevenrmartsupermart.tests.LoginTest@25df00a0]" started-at="2024-11-27T13:33:33 IST" name="launchBrowser" finished-at="2024-11-27T13:33:40 IST" duration-ms="7209" status="PASS">
          <reporter-output>
          </reporter-output>
        </test-method> <!-- launchBrowser -->
        <test-method signature="verifyAdminUserLogin()[pri:0, instance:com.sevenrmartsupermart.tests.LoginTest@25df00a0]" started-at="2024-11-27T13:33:40 IST" name="verifyAdminUserLogin" finished-at="2024-11-27T13:33:43 IST" duration-ms="2743" status="PASS">
          <reporter-output>
          </reporter-output>
        </test-method> <!-- verifyAdminUserLogin -->
        <test-method is-config="true" signature="terminateSession(org.testng.ITestResult)[pri:0, instance:com.sevenrmartsupermart.tests.LoginTest@25df00a0]" started-at="2024-11-27T13:33:43 IST" name="terminateSession" finished-at="2024-11-27T13:33:43 IST" duration-ms="557" status="PASS">
          <params>
            <param index="0">
              <value>
                <![CDATA[[TestResult name=verifyAdminUserLogin status=SUCCESS method=LoginTest.verifyAdminUserLogin()[pri:0, instance:com.sevenrmartsupermart.tests.LoginTest@25df00a0] output={null}]]]>
              </value>
            </param>
          </params>
          <reporter-output>
          </reporter-output>
        </test-method> <!-- terminateSession -->
        <test-method is-config="true" signature="launchBrowser()[pri:0, instance:com.sevenrmartsupermart.tests.LoginTest@25df00a0]" started-at="2024-11-27T13:33:43 IST" name="launchBrowser" finished-at="2024-11-27T13:33:49 IST" duration-ms="5337" status="PASS">
          <reporter-output>
          </reporter-output>
        </test-method> <!-- launchBrowser -->
        <test-method signature="verifyAlertMessageIsShownWithWrongPassword()[pri:0, instance:com.sevenrmartsupermart.tests.LoginTest@25df00a0]" started-at="2024-11-27T13:33:49 IST" name="verifyAlertMessageIsShownWithWrongPassword" finished-at="2024-11-27T13:33:51 IST" duration-ms="2382" status="PASS">
          <reporter-output>
          </reporter-output>
        </test-method> <!-- verifyAlertMessageIsShownWithWrongPassword -->
        <test-method is-config="true" signature="terminateSession(org.testng.ITestResult)[pri:0, instance:com.sevenrmartsupermart.tests.LoginTest@25df00a0]" started-at="2024-11-27T13:33:51 IST" name="terminateSession" finished-at="2024-11-27T13:33:52 IST" duration-ms="544" status="PASS">
          <params>
            <param index="0">
              <value>
                <![CDATA[[TestResult name=verifyAlertMessageIsShownWithWrongPassword status=SUCCESS method=LoginTest.verifyAlertMessageIsShownWithWrongPassword()[pri:0, instance:com.sevenrmartsupermart.tests.LoginTest@25df00a0] output={null}]]]>
              </value>
            </param>
          </params>
          <reporter-output>
          </reporter-output>
        </test-method> <!-- terminateSession -->
        <test-method is-config="true" signature="launchBrowser()[pri:0, instance:com.sevenrmartsupermart.tests.LoginTest@25df00a0]" started-at="2024-11-27T13:33:52 IST" name="launchBrowser" finished-at="2024-11-27T13:33:57 IST" duration-ms="5563" status="PASS">
          <reporter-output>
          </reporter-output>
        </test-method> <!-- launchBrowser -->
        <test-method signature="verifyAlertMessageIsShownWithWrongUsername()[pri:0, instance:com.sevenrmartsupermart.tests.LoginTest@25df00a0]" started-at="2024-11-27T13:33:57 IST" name="verifyAlertMessageIsShownWithWrongUsername" finished-at="2024-11-27T13:34:01 IST" duration-ms="3520" status="PASS">
          <reporter-output>
          </reporter-output>
        </test-method> <!-- verifyAlertMessageIsShownWithWrongUsername -->
        <test-method is-config="true" signature="terminateSession(org.testng.ITestResult)[pri:0, instance:com.sevenrmartsupermart.tests.LoginTest@25df00a0]" started-at="2024-11-27T13:34:01 IST" name="terminateSession" finished-at="2024-11-27T13:34:01 IST" duration-ms="419" status="PASS">
          <params>
            <param index="0">
              <value>
                <![CDATA[[TestResult name=verifyAlertMessageIsShownWithWrongUsername status=SUCCESS method=LoginTest.verifyAlertMessageIsShownWithWrongUsername()[pri:0, instance:com.sevenrmartsupermart.tests.LoginTest@25df00a0] output={null}]]]>
              </value>
            </param>
          </params>
          <reporter-output>
          </reporter-output>
        </test-method> <!-- terminateSession -->
        <test-method is-config="true" signature="launchBrowser()[pri:0, instance:com.sevenrmartsupermart.tests.LoginTest@25df00a0]" started-at="2024-11-27T13:34:01 IST" name="launchBrowser" finished-at="2024-11-27T13:34:07 IST" duration-ms="6136" status="PASS">
          <reporter-output>
          </reporter-output>
        </test-method> <!-- launchBrowser -->
        <test-method signature="verifyAlertMessageIsShownWithWrongUsernameAndPassword()[pri:0, instance:com.sevenrmartsupermart.tests.LoginTest@25df00a0]" started-at="2024-11-27T13:34:07 IST" name="verifyAlertMessageIsShownWithWrongUsernameAndPassword" finished-at="2024-11-27T13:34:11 IST" duration-ms="3709" status="PASS">
          <reporter-output>
          </reporter-output>
        </test-method> <!-- verifyAlertMessageIsShownWithWrongUsernameAndPassword -->
        <test-method is-config="true" signature="terminateSession(org.testng.ITestResult)[pri:0, instance:com.sevenrmartsupermart.tests.LoginTest@25df00a0]" started-at="2024-11-27T13:34:11 IST" name="terminateSession" finished-at="2024-11-27T13:34:14 IST" duration-ms="2681" status="PASS">
          <params>
            <param index="0">
              <value>
                <![CDATA[[TestResult name=verifyAlertMessageIsShownWithWrongUsernameAndPassword status=SUCCESS method=LoginTest.verifyAlertMessageIsShownWithWrongUsernameAndPassword()[pri:0, instance:com.sevenrmartsupermart.tests.LoginTest@25df00a0] output={null}]]]>
              </value>
            </param>
          </params>
          <reporter-output>
          </reporter-output>
        </test-method> <!-- terminateSession -->
        <test-method is-config="true" signature="launchBrowser()[pri:0, instance:com.sevenrmartsupermart.tests.LoginTest@25df00a0]" started-at="2024-11-27T13:34:14 IST" name="launchBrowser" finished-at="2024-11-27T13:34:19 IST" duration-ms="5347" status="PASS">
          <reporter-output>
          </reporter-output>
        </test-method> <!-- launchBrowser -->
        <test-method signature="verifyCSSAttributesofSignInButton()[pri:0, instance:com.sevenrmartsupermart.tests.LoginTest@25df00a0]" started-at="2024-11-27T13:34:19 IST" name="verifyCSSAttributesofSignInButton" finished-at="2024-11-27T13:34:19 IST" duration-ms="362" status="PASS">
          <reporter-output>
          </reporter-output>
        </test-method> <!-- verifyCSSAttributesofSignInButton -->
        <test-method is-config="true" signature="terminateSession(org.testng.ITestResult)[pri:0, instance:com.sevenrmartsupermart.tests.LoginTest@25df00a0]" started-at="2024-11-27T13:34:19 IST" name="terminateSession" finished-at="2024-11-27T13:34:20 IST" duration-ms="1012" status="PASS">
          <params>
            <param index="0">
              <value>
                <![CDATA[[TestResult name=verifyCSSAttributesofSignInButton status=SUCCESS method=LoginTest.verifyCSSAttributesofSignInButton()[pri:0, instance:com.sevenrmartsupermart.tests.LoginTest@25df00a0] output={null}]]]>
              </value>
            </param>
          </params>
          <reporter-output>
          </reporter-output>
        </test-method> <!-- terminateSession -->
        <test-method is-config="true" signature="launchBrowser()[pri:0, instance:com.sevenrmartsupermart.tests.LoginTest@25df00a0]" started-at="2024-11-27T13:34:20 IST" name="launchBrowser" finished-at="2024-11-27T13:34:26 IST" duration-ms="5438" status="PASS">
          <reporter-output>
          </reporter-output>
        </test-method> <!-- launchBrowser -->
        <test-method signature="verifyLoginDetailsAreSavedAfterClickingRememberMeCheckBox()[pri:0, instance:com.sevenrmartsupermart.tests.LoginTest@25df00a0]" started-at="2024-11-27T13:34:26 IST" name="verifyLoginDetailsAreSavedAfterClickingRememberMeCheckBox" finished-at="2024-11-27T13:34:31 IST" duration-ms="5373" status="PASS">
          <reporter-output>
          </reporter-output>
        </test-method> <!-- verifyLoginDetailsAreSavedAfterClickingRememberMeCheckBox -->
        <test-method is-config="true" signature="terminateSession(org.testng.ITestResult)[pri:0, instance:com.sevenrmartsupermart.tests.LoginTest@25df00a0]" started-at="2024-11-27T13:34:31 IST" name="terminateSession" finished-at="2024-11-27T13:34:36 IST" duration-ms="4349" status="PASS">
          <params>
            <param index="0">
              <value>
                <![CDATA[[TestResult name=verifyLoginDetailsAreSavedAfterClickingRememberMeCheckBox status=SUCCESS method=LoginTest.verifyLoginDetailsAreSavedAfterClickingRememberMeCheckBox()[pri:0, instance:com.sevenrmartsupermart.tests.LoginTest@25df00a0] output={null}]]]>
              </value>
            </param>
          </params>
          <reporter-output>
          </reporter-output>
        </test-method> <!-- terminateSession -->
        <test-method is-config="true" signature="launchBrowser()[pri:0, instance:com.sevenrmartsupermart.tests.LoginTest@25df00a0]" started-at="2024-11-27T13:34:36 IST" name="launchBrowser" finished-at="2024-11-27T13:34:41 IST" duration-ms="5432" status="PASS">
          <reporter-output>
          </reporter-output>
        </test-method> <!-- launchBrowser -->
        <test-method signature="verifyLoginIsAllowedUsingEnterKeyInKeyboard()[pri:0, instance:com.sevenrmartsupermart.tests.LoginTest@25df00a0]" started-at="2024-11-27T13:34:41 IST" name="verifyLoginIsAllowedUsingEnterKeyInKeyboard" finished-at="2024-11-27T13:34:43 IST" duration-ms="1956" status="PASS">
          <reporter-output>
          </reporter-output>
        </test-method> <!-- verifyLoginIsAllowedUsingEnterKeyInKeyboard -->
        <test-method is-config="true" signature="terminateSession(org.testng.ITestResult)[pri:0, instance:com.sevenrmartsupermart.tests.LoginTest@25df00a0]" started-at="2024-11-27T13:34:43 IST" name="terminateSession" finished-at="2024-11-27T13:34:45 IST" duration-ms="2084" status="PASS">
          <params>
            <param index="0">
              <value>
                <![CDATA[[TestResult name=verifyLoginIsAllowedUsingEnterKeyInKeyboard status=SUCCESS method=LoginTest.verifyLoginIsAllowedUsingEnterKeyInKeyboard()[pri:0, instance:com.sevenrmartsupermart.tests.LoginTest@25df00a0] output={null}]]]>
              </value>
            </param>
          </params>
          <reporter-output>
          </reporter-output>
        </test-method> <!-- terminateSession -->
        <test-method is-config="true" signature="launchBrowser()[pri:0, instance:com.sevenrmartsupermart.tests.LoginTest@25df00a0]" started-at="2024-11-27T13:34:45 IST" name="launchBrowser" finished-at="2024-11-27T13:34:50 IST" duration-ms="4535" status="PASS">
          <reporter-output>
          </reporter-output>
        </test-method> <!-- launchBrowser -->
        <test-method signature="verifyLoginIsNotAllowedWithoutPassword()[pri:0, instance:com.sevenrmartsupermart.tests.LoginTest@25df00a0]" started-at="2024-11-27T13:34:50 IST" name="verifyLoginIsNotAllowedWithoutPassword" finished-at="2024-11-27T13:34:51 IST" duration-ms="1605" status="PASS">
          <reporter-output>
          </reporter-output>
        </test-method> <!-- verifyLoginIsNotAllowedWithoutPassword -->
        <test-method is-config="true" signature="terminateSession(org.testng.ITestResult)[pri:0, instance:com.sevenrmartsupermart.tests.LoginTest@25df00a0]" started-at="2024-11-27T13:34:51 IST" name="terminateSession" finished-at="2024-11-27T13:34:54 IST" duration-ms="3260" status="PASS">
          <params>
            <param index="0">
              <value>
                <![CDATA[[TestResult name=verifyLoginIsNotAllowedWithoutPassword status=SUCCESS method=LoginTest.verifyLoginIsNotAllowedWithoutPassword()[pri:0, instance:com.sevenrmartsupermart.tests.LoginTest@25df00a0] output={null}]]]>
              </value>
            </param>
          </params>
          <reporter-output>
          </reporter-output>
        </test-method> <!-- terminateSession -->
        <test-method is-config="true" signature="launchBrowser()[pri:0, instance:com.sevenrmartsupermart.tests.LoginTest@25df00a0]" started-at="2024-11-27T13:34:54 IST" name="launchBrowser" finished-at="2024-11-27T13:34:59 IST" duration-ms="4860" status="PASS">
          <reporter-output>
          </reporter-output>
        </test-method> <!-- launchBrowser -->
        <test-method signature="verifyLoginIsNotAllowedWithoutUsername()[pri:0, instance:com.sevenrmartsupermart.tests.LoginTest@25df00a0]" started-at="2024-11-27T13:34:59 IST" name="verifyLoginIsNotAllowedWithoutUsername" finished-at="2024-11-27T13:35:00 IST" duration-ms="464" status="PASS">
          <reporter-output>
          </reporter-output>
        </test-method> <!-- verifyLoginIsNotAllowedWithoutUsername -->
        <test-method is-config="true" signature="terminateSession(org.testng.ITestResult)[pri:0, instance:com.sevenrmartsupermart.tests.LoginTest@25df00a0]" started-at="2024-11-27T13:35:00 IST" name="terminateSession" finished-at="2024-11-27T13:35:00 IST" duration-ms="493" status="PASS">
          <params>
            <param index="0">
              <value>
                <![CDATA[[TestResult name=verifyLoginIsNotAllowedWithoutUsername status=SUCCESS method=LoginTest.verifyLoginIsNotAllowedWithoutUsername()[pri:0, instance:com.sevenrmartsupermart.tests.LoginTest@25df00a0] output={null}]]]>
              </value>
            </param>
          </params>
          <reporter-output>
          </reporter-output>
        </test-method> <!-- terminateSession -->
        <test-method is-config="true" signature="launchBrowser()[pri:0, instance:com.sevenrmartsupermart.tests.LoginTest@25df00a0]" started-at="2024-11-27T13:35:00 IST" name="launchBrowser" finished-at="2024-11-27T13:35:07 IST" duration-ms="6287" status="PASS">
          <reporter-output>
          </reporter-output>
        </test-method> <!-- launchBrowser -->
        <test-method signature="verifyRememberMeCheckboxIsEnabled()[pri:0, instance:com.sevenrmartsupermart.tests.LoginTest@25df00a0]" started-at="2024-11-27T13:35:07 IST" name="verifyRememberMeCheckboxIsEnabled" finished-at="2024-11-27T13:35:08 IST" duration-ms="1739" status="PASS">
          <reporter-output>
          </reporter-output>
        </test-method> <!-- verifyRememberMeCheckboxIsEnabled -->
        <test-method is-config="true" signature="terminateSession(org.testng.ITestResult)[pri:0, instance:com.sevenrmartsupermart.tests.LoginTest@25df00a0]" started-at="2024-11-27T13:35:08 IST" name="terminateSession" finished-at="2024-11-27T13:35:09 IST" duration-ms="925" status="PASS">
          <params>
            <param index="0">
              <value>
                <![CDATA[[TestResult name=verifyRememberMeCheckboxIsEnabled status=SUCCESS method=LoginTest.verifyRememberMeCheckboxIsEnabled()[pri:0, instance:com.sevenrmartsupermart.tests.LoginTest@25df00a0] output={null}]]]>
              </value>
            </param>
          </params>
          <reporter-output>
          </reporter-output>
        </test-method> <!-- terminateSession -->
      </class> <!-- com.sevenrmartsupermart.tests.LoginTest -->
      <class name="com.sevenrmartsupermart.tests.SubCategoryTest">
        <test-method is-config="true" signature="launchBrowser()[pri:0, instance:com.sevenrmartsupermart.tests.SubCategoryTest@7b4c50bc]" started-at="2024-11-27T13:35:24 IST" name="launchBrowser" finished-at="2024-11-27T13:35:28 IST" duration-ms="4035" status="PASS">
          <reporter-output>
          </reporter-output>
        </test-method> <!-- launchBrowser -->
        <test-method signature="verifyIfCategoryCanBeDeletedFromSubCategoryList()[pri:0, instance:com.sevenrmartsupermart.tests.SubCategoryTest@7b4c50bc]" started-at="2024-11-27T13:35:28 IST" name="verifyIfCategoryCanBeDeletedFromSubCategoryList" finished-at="2024-11-27T13:35:43 IST" duration-ms="14654" status="PASS">
          <reporter-output>
          </reporter-output>
        </test-method> <!-- verifyIfCategoryCanBeDeletedFromSubCategoryList -->
        <test-method is-config="true" signature="terminateSession(org.testng.ITestResult)[pri:0, instance:com.sevenrmartsupermart.tests.SubCategoryTest@7b4c50bc]" started-at="2024-11-27T13:35:43 IST" name="terminateSession" finished-at="2024-11-27T13:35:43 IST" duration-ms="274" status="PASS">
          <params>
            <param index="0">
              <value>
                <![CDATA[[TestResult name=verifyIfCategoryCanBeDeletedFromSubCategoryList status=SUCCESS method=SubCategoryTest.verifyIfCategoryCanBeDeletedFromSubCategoryList()[pri:0, instance:com.sevenrmartsupermart.tests.SubCategoryTest@7b4c50bc] output={null}]]]>
              </value>
            </param>
          </params>
          <reporter-output>
          </reporter-output>
        </test-method> <!-- terminateSession -->
        <test-method is-config="true" signature="launchBrowser()[pri:0, instance:com.sevenrmartsupermart.tests.SubCategoryTest@7b4c50bc]" started-at="2024-11-27T13:35:43 IST" name="launchBrowser" finished-at="2024-11-27T13:35:46 IST" duration-ms="3236" status="PASS">
          <reporter-output>
          </reporter-output>
        </test-method> <!-- launchBrowser -->
        <test-method signature="verifyNewCategoryCanBeCreatedWithImage(java.lang.String)[pri:0, instance:com.sevenrmartsupermart.tests.SubCategoryTest@7b4c50bc]" started-at="2024-11-27T13:35:46 IST" name="verifyNewCategoryCanBeCreatedWithImage" data-provider="NewSubCategory" finished-at="2024-11-27T13:35:49 IST" duration-ms="2656" status="PASS">
          <params>
            <param index="0">
              <value>
                <![CDATA[Vegetables]]>
              </value>
            </param>
          </params>
          <reporter-output>
          </reporter-output>
        </test-method> <!-- verifyNewCategoryCanBeCreatedWithImage -->
        <test-method is-config="true" signature="terminateSession(org.testng.ITestResult)[pri:0, instance:com.sevenrmartsupermart.tests.SubCategoryTest@7b4c50bc]" started-at="2024-11-27T13:35:49 IST" name="terminateSession" finished-at="2024-11-27T13:35:49 IST" duration-ms="392" status="PASS">
          <params>
            <param index="0">
              <value>
                <![CDATA[[TestResult name=verifyNewCategoryCanBeCreatedWithImage status=SUCCESS method=SubCategoryTest.verifyNewCategoryCanBeCreatedWithImage(java.lang.String)[pri:0, instance:com.sevenrmartsupermart.tests.SubCategoryTest@7b4c50bc] output={null}]]]>
              </value>
            </param>
          </params>
          <reporter-output>
          </reporter-output>
        </test-method> <!-- terminateSession -->
        <test-method is-config="true" signature="launchBrowser()[pri:0, instance:com.sevenrmartsupermart.tests.SubCategoryTest@7b4c50bc]" started-at="2024-11-27T13:35:49 IST" name="launchBrowser" finished-at="2024-11-27T13:35:53 IST" duration-ms="3034" status="PASS">
          <reporter-output>
          </reporter-output>
        </test-method> <!-- launchBrowser -->
        <test-method signature="verifyNewCategoryCanBeCreatedWithImage(java.lang.String)[pri:0, instance:com.sevenrmartsupermart.tests.SubCategoryTest@7b4c50bc]" started-at="2024-11-27T13:35:53 IST" name="verifyNewCategoryCanBeCreatedWithImage" data-provider="NewSubCategory" finished-at="2024-11-27T13:35:56 IST" duration-ms="3546" status="PASS">
          <params>
            <param index="0">
              <value>
                <![CDATA[Grocery]]>
              </value>
            </param>
          </params>
          <reporter-output>
          </reporter-output>
        </test-method> <!-- verifyNewCategoryCanBeCreatedWithImage -->
        <test-method is-config="true" signature="terminateSession(org.testng.ITestResult)[pri:0, instance:com.sevenrmartsupermart.tests.SubCategoryTest@7b4c50bc]" started-at="2024-11-27T13:35:56 IST" name="terminateSession" finished-at="2024-11-27T13:35:56 IST" duration-ms="202" status="PASS">
          <params>
            <param index="0">
              <value>
                <![CDATA[[TestResult name=verifyNewCategoryCanBeCreatedWithImage status=SUCCESS method=SubCategoryTest.verifyNewCategoryCanBeCreatedWithImage(java.lang.String)[pri:0, instance:com.sevenrmartsupermart.tests.SubCategoryTest@7b4c50bc] output={null}]]]>
              </value>
            </param>
          </params>
          <reporter-output>
          </reporter-output>
        </test-method> <!-- terminateSession -->
        <test-method is-config="true" signature="launchBrowser()[pri:0, instance:com.sevenrmartsupermart.tests.SubCategoryTest@7b4c50bc]" started-at="2024-11-27T13:35:56 IST" name="launchBrowser" finished-at="2024-11-27T13:35:59 IST" duration-ms="3129" status="PASS">
          <reporter-output>
          </reporter-output>
        </test-method> <!-- launchBrowser -->
        <test-method signature="verifyNewCategoryCanBeCreatedWithImage(java.lang.String)[pri:0, instance:com.sevenrmartsupermart.tests.SubCategoryTest@7b4c50bc]" started-at="2024-11-27T13:35:59 IST" name="verifyNewCategoryCanBeCreatedWithImage" data-provider="NewSubCategory" finished-at="2024-11-27T13:36:03 IST" duration-ms="3504" status="PASS">
          <params>
            <param index="0">
              <value>
                <![CDATA[Electronics]]>
              </value>
            </param>
          </params>
          <reporter-output>
          </reporter-output>
        </test-method> <!-- verifyNewCategoryCanBeCreatedWithImage -->
        <test-method is-config="true" signature="terminateSession(org.testng.ITestResult)[pri:0, instance:com.sevenrmartsupermart.tests.SubCategoryTest@7b4c50bc]" started-at="2024-11-27T13:36:03 IST" name="terminateSession" finished-at="2024-11-27T13:36:03 IST" duration-ms="188" status="PASS">
          <params>
            <param index="0">
              <value>
                <![CDATA[[TestResult name=verifyNewCategoryCanBeCreatedWithImage status=SUCCESS method=SubCategoryTest.verifyNewCategoryCanBeCreatedWithImage(java.lang.String)[pri:0, instance:com.sevenrmartsupermart.tests.SubCategoryTest@7b4c50bc] output={null}]]]>
              </value>
            </param>
          </params>
          <reporter-output>
          </reporter-output>
        </test-method> <!-- terminateSession -->
        <test-method is-config="true" signature="launchBrowser()[pri:0, instance:com.sevenrmartsupermart.tests.SubCategoryTest@7b4c50bc]" started-at="2024-11-27T13:36:03 IST" name="launchBrowser" finished-at="2024-11-27T13:36:06 IST" duration-ms="3363" status="PASS">
          <reporter-output>
          </reporter-output>
        </test-method> <!-- launchBrowser -->
        <test-method signature="verifyNewCategoryCanBeCreatedWithImage(java.lang.String)[pri:0, instance:com.sevenrmartsupermart.tests.SubCategoryTest@7b4c50bc]" started-at="2024-11-27T13:36:06 IST" name="verifyNewCategoryCanBeCreatedWithImage" data-provider="NewSubCategory" finished-at="2024-11-27T13:36:10 IST" duration-ms="3187" status="PASS">
          <params>
            <param index="0">
              <value>
                <![CDATA[Appliances]]>
              </value>
            </param>
          </params>
          <reporter-output>
          </reporter-output>
        </test-method> <!-- verifyNewCategoryCanBeCreatedWithImage -->
        <test-method is-config="true" signature="terminateSession(org.testng.ITestResult)[pri:0, instance:com.sevenrmartsupermart.tests.SubCategoryTest@7b4c50bc]" started-at="2024-11-27T13:36:10 IST" name="terminateSession" finished-at="2024-11-27T13:36:10 IST" duration-ms="217" status="PASS">
          <params>
            <param index="0">
              <value>
                <![CDATA[[TestResult name=verifyNewCategoryCanBeCreatedWithImage status=SUCCESS method=SubCategoryTest.verifyNewCategoryCanBeCreatedWithImage(java.lang.String)[pri:0, instance:com.sevenrmartsupermart.tests.SubCategoryTest@7b4c50bc] output={null}]]]>
              </value>
            </param>
          </params>
          <reporter-output>
          </reporter-output>
        </test-method> <!-- terminateSession -->
        <test-method is-config="true" signature="launchBrowser()[pri:0, instance:com.sevenrmartsupermart.tests.SubCategoryTest@7b4c50bc]" started-at="2024-11-27T13:36:10 IST" name="launchBrowser" finished-at="2024-11-27T13:36:13 IST" duration-ms="3212" status="PASS">
          <reporter-output>
          </reporter-output>
        </test-method> <!-- launchBrowser -->
        <test-method signature="verifyNewCategoryCanBeCreatedWithoutImage(java.lang.String)[pri:0, instance:com.sevenrmartsupermart.tests.SubCategoryTest@7b4c50bc]" started-at="2024-11-27T13:36:13 IST" name="verifyNewCategoryCanBeCreatedWithoutImage" data-provider="NewSubCategory" finished-at="2024-11-27T13:36:16 IST" duration-ms="3059" status="PASS">
          <params>
            <param index="0">
              <value>
                <![CDATA[Vegetables]]>
              </value>
            </param>
          </params>
          <reporter-output>
          </reporter-output>
        </test-method> <!-- verifyNewCategoryCanBeCreatedWithoutImage -->
        <test-method is-config="true" signature="terminateSession(org.testng.ITestResult)[pri:0, instance:com.sevenrmartsupermart.tests.SubCategoryTest@7b4c50bc]" started-at="2024-11-27T13:36:16 IST" name="terminateSession" finished-at="2024-11-27T13:36:16 IST" duration-ms="209" status="PASS">
          <params>
            <param index="0">
              <value>
                <![CDATA[[TestResult name=verifyNewCategoryCanBeCreatedWithoutImage status=SUCCESS method=SubCategoryTest.verifyNewCategoryCanBeCreatedWithoutImage(java.lang.String)[pri:0, instance:com.sevenrmartsupermart.tests.SubCategoryTest@7b4c50bc] output={null}]]]>
              </value>
            </param>
          </params>
          <reporter-output>
          </reporter-output>
        </test-method> <!-- terminateSession -->
        <test-method is-config="true" signature="launchBrowser()[pri:0, instance:com.sevenrmartsupermart.tests.SubCategoryTest@7b4c50bc]" started-at="2024-11-27T13:36:16 IST" name="launchBrowser" finished-at="2024-11-27T13:36:19 IST" duration-ms="3081" status="PASS">
          <reporter-output>
          </reporter-output>
        </test-method> <!-- launchBrowser -->
        <test-method signature="verifyNewCategoryCanBeCreatedWithoutImage(java.lang.String)[pri:0, instance:com.sevenrmartsupermart.tests.SubCategoryTest@7b4c50bc]" started-at="2024-11-27T13:36:19 IST" name="verifyNewCategoryCanBeCreatedWithoutImage" data-provider="NewSubCategory" finished-at="2024-11-27T13:36:22 IST" duration-ms="2651" status="PASS">
          <params>
            <param index="0">
              <value>
                <![CDATA[Grocery]]>
              </value>
            </param>
          </params>
          <reporter-output>
          </reporter-output>
        </test-method> <!-- verifyNewCategoryCanBeCreatedWithoutImage -->
        <test-method is-config="true" signature="terminateSession(org.testng.ITestResult)[pri:0, instance:com.sevenrmartsupermart.tests.SubCategoryTest@7b4c50bc]" started-at="2024-11-27T13:36:22 IST" name="terminateSession" finished-at="2024-11-27T13:36:22 IST" duration-ms="185" status="PASS">
          <params>
            <param index="0">
              <value>
                <![CDATA[[TestResult name=verifyNewCategoryCanBeCreatedWithoutImage status=SUCCESS method=SubCategoryTest.verifyNewCategoryCanBeCreatedWithoutImage(java.lang.String)[pri:0, instance:com.sevenrmartsupermart.tests.SubCategoryTest@7b4c50bc] output={null}]]]>
              </value>
            </param>
          </params>
          <reporter-output>
          </reporter-output>
        </test-method> <!-- terminateSession -->
        <test-method is-config="true" signature="launchBrowser()[pri:0, instance:com.sevenrmartsupermart.tests.SubCategoryTest@7b4c50bc]" started-at="2024-11-27T13:36:22 IST" name="launchBrowser" finished-at="2024-11-27T13:36:26 IST" duration-ms="3424" status="PASS">
          <reporter-output>
          </reporter-output>
        </test-method> <!-- launchBrowser -->
        <test-method signature="verifyNewCategoryCanBeCreatedWithoutImage(java.lang.String)[pri:0, instance:com.sevenrmartsupermart.tests.SubCategoryTest@7b4c50bc]" started-at="2024-11-27T13:36:26 IST" name="verifyNewCategoryCanBeCreatedWithoutImage" data-provider="NewSubCategory" finished-at="2024-11-27T13:36:29 IST" duration-ms="3316" status="PASS">
          <params>
            <param index="0">
              <value>
                <![CDATA[Electronics]]>
              </value>
            </param>
          </params>
          <reporter-output>
          </reporter-output>
        </test-method> <!-- verifyNewCategoryCanBeCreatedWithoutImage -->
        <test-method is-config="true" signature="terminateSession(org.testng.ITestResult)[pri:0, instance:com.sevenrmartsupermart.tests.SubCategoryTest@7b4c50bc]" started-at="2024-11-27T13:36:29 IST" name="terminateSession" finished-at="2024-11-27T13:36:29 IST" duration-ms="91" status="PASS">
          <params>
            <param index="0">
              <value>
                <![CDATA[[TestResult name=verifyNewCategoryCanBeCreatedWithoutImage status=SUCCESS method=SubCategoryTest.verifyNewCategoryCanBeCreatedWithoutImage(java.lang.String)[pri:0, instance:com.sevenrmartsupermart.tests.SubCategoryTest@7b4c50bc] output={null}]]]>
              </value>
            </param>
          </params>
          <reporter-output>
          </reporter-output>
        </test-method> <!-- terminateSession -->
        <test-method is-config="true" signature="launchBrowser()[pri:0, instance:com.sevenrmartsupermart.tests.SubCategoryTest@7b4c50bc]" started-at="2024-11-27T13:36:29 IST" name="launchBrowser" finished-at="2024-11-27T13:36:32 IST" duration-ms="3230" status="PASS">
          <reporter-output>
          </reporter-output>
        </test-method> <!-- launchBrowser -->
        <test-method signature="verifyNewCategoryCanBeCreatedWithoutImage(java.lang.String)[pri:0, instance:com.sevenrmartsupermart.tests.SubCategoryTest@7b4c50bc]" started-at="2024-11-27T13:36:32 IST" name="verifyNewCategoryCanBeCreatedWithoutImage" data-provider="NewSubCategory" finished-at="2024-11-27T13:36:35 IST" duration-ms="3094" status="PASS">
          <params>
            <param index="0">
              <value>
                <![CDATA[Appliances]]>
              </value>
            </param>
          </params>
          <reporter-output>
          </reporter-output>
        </test-method> <!-- verifyNewCategoryCanBeCreatedWithoutImage -->
        <test-method is-config="true" signature="terminateSession(org.testng.ITestResult)[pri:0, instance:com.sevenrmartsupermart.tests.SubCategoryTest@7b4c50bc]" started-at="2024-11-27T13:36:35 IST" name="terminateSession" finished-at="2024-11-27T13:36:36 IST" duration-ms="202" status="PASS">
          <params>
            <param index="0">
              <value>
                <![CDATA[[TestResult name=verifyNewCategoryCanBeCreatedWithoutImage status=SUCCESS method=SubCategoryTest.verifyNewCategoryCanBeCreatedWithoutImage(java.lang.String)[pri:0, instance:com.sevenrmartsupermart.tests.SubCategoryTest@7b4c50bc] output={null}]]]>
              </value>
            </param>
          </params>
          <reporter-output>
          </reporter-output>
        </test-method> <!-- terminateSession -->
        <test-method is-config="true" signature="launchBrowser()[pri:0, instance:com.sevenrmartsupermart.tests.SubCategoryTest@7b4c50bc]" started-at="2024-11-27T13:36:36 IST" name="launchBrowser" finished-at="2024-11-27T13:36:39 IST" duration-ms="3251" status="PASS">
          <reporter-output>
          </reporter-output>
        </test-method> <!-- launchBrowser -->
        <test-method signature="verifyNewCategoryIsShownFirstInTable()[pri:0, instance:com.sevenrmartsupermart.tests.SubCategoryTest@7b4c50bc]" started-at="2024-11-27T13:36:39 IST" name="verifyNewCategoryIsShownFirstInTable" finished-at="2024-11-27T13:36:43 IST" duration-ms="3938" status="PASS">
          <reporter-output>
          </reporter-output>
        </test-method> <!-- verifyNewCategoryIsShownFirstInTable -->
        <test-method is-config="true" signature="terminateSession(org.testng.ITestResult)[pri:0, instance:com.sevenrmartsupermart.tests.SubCategoryTest@7b4c50bc]" started-at="2024-11-27T13:36:43 IST" name="terminateSession" finished-at="2024-11-27T13:36:43 IST" duration-ms="224" status="PASS">
          <params>
            <param index="0">
              <value>
                <![CDATA[[TestResult name=verifyNewCategoryIsShownFirstInTable status=SUCCESS method=SubCategoryTest.verifyNewCategoryIsShownFirstInTable()[pri:0, instance:com.sevenrmartsupermart.tests.SubCategoryTest@7b4c50bc] output={null}]]]>
              </value>
            </param>
          </params>
          <reporter-output>
          </reporter-output>
        </test-method> <!-- terminateSession -->
        <test-method is-config="true" signature="launchBrowser()[pri:0, instance:com.sevenrmartsupermart.tests.SubCategoryTest@7b4c50bc]" started-at="2024-11-27T13:36:43 IST" name="launchBrowser" finished-at="2024-11-27T13:36:47 IST" duration-ms="3463" status="PASS">
          <reporter-output>
          </reporter-output>
        </test-method> <!-- launchBrowser -->
        <test-method signature="verifySubCategoryCanBeUpdated()[pri:0, instance:com.sevenrmartsupermart.tests.SubCategoryTest@7b4c50bc]" started-at="2024-11-27T13:36:47 IST" name="verifySubCategoryCanBeUpdated" finished-at="2024-11-27T13:36:51 IST" duration-ms="4249" status="PASS">
          <reporter-output>
          </reporter-output>
        </test-method> <!-- verifySubCategoryCanBeUpdated -->
        <test-method is-config="true" signature="terminateSession(org.testng.ITestResult)[pri:0, instance:com.sevenrmartsupermart.tests.SubCategoryTest@7b4c50bc]" started-at="2024-11-27T13:36:51 IST" name="terminateSession" finished-at="2024-11-27T13:36:51 IST" duration-ms="150" status="PASS">
          <params>
            <param index="0">
              <value>
                <![CDATA[[TestResult name=verifySubCategoryCanBeUpdated status=SUCCESS method=SubCategoryTest.verifySubCategoryCanBeUpdated()[pri:0, instance:com.sevenrmartsupermart.tests.SubCategoryTest@7b4c50bc] output={null}]]]>
              </value>
            </param>
          </params>
          <reporter-output>
          </reporter-output>
        </test-method> <!-- terminateSession -->
        <test-method is-config="true" signature="launchBrowser()[pri:0, instance:com.sevenrmartsupermart.tests.SubCategoryTest@7b4c50bc]" started-at="2024-11-27T13:36:51 IST" name="launchBrowser" finished-at="2024-11-27T13:36:54 IST" duration-ms="3453" status="PASS">
          <reporter-output>
          </reporter-output>
        </test-method> <!-- launchBrowser -->
        <test-method signature="verifySubCategoryCannotBeSearchedWithoutSelectingCategory()[pri:0, instance:com.sevenrmartsupermart.tests.SubCategoryTest@7b4c50bc]" started-at="2024-11-27T13:36:54 IST" name="verifySubCategoryCannotBeSearchedWithoutSelectingCategory" finished-at="2024-11-27T13:36:56 IST" duration-ms="1693" status="PASS">
          <reporter-output>
          </reporter-output>
        </test-method> <!-- verifySubCategoryCannotBeSearchedWithoutSelectingCategory -->
        <test-method is-config="true" signature="terminateSession(org.testng.ITestResult)[pri:0, instance:com.sevenrmartsupermart.tests.SubCategoryTest@7b4c50bc]" started-at="2024-11-27T13:36:56 IST" name="terminateSession" finished-at="2024-11-27T13:36:56 IST" duration-ms="284" status="PASS">
          <params>
            <param index="0">
              <value>
                <![CDATA[[TestResult name=verifySubCategoryCannotBeSearchedWithoutSelectingCategory status=SUCCESS method=SubCategoryTest.verifySubCategoryCannotBeSearchedWithoutSelectingCategory()[pri:0, instance:com.sevenrmartsupermart.tests.SubCategoryTest@7b4c50bc] output={null}]]]>
              </value>
            </param>
          </params>
          <reporter-output>
          </reporter-output>
        </test-method> <!-- terminateSession -->
        <test-method is-config="true" signature="launchBrowser()[pri:0, instance:com.sevenrmartsupermart.tests.SubCategoryTest@7b4c50bc]" started-at="2024-11-27T13:36:56 IST" name="launchBrowser" finished-at="2024-11-27T13:37:00 IST" duration-ms="3597" status="PASS">
          <reporter-output>
          </reporter-output>
        </test-method> <!-- launchBrowser -->
        <test-method signature="verifySubCategoryListUsingSearchButton()[pri:0, instance:com.sevenrmartsupermart.tests.SubCategoryTest@7b4c50bc]" started-at="2024-11-27T13:37:00 IST" name="verifySubCategoryListUsingSearchButton" finished-at="2024-11-27T13:37:02 IST" duration-ms="2454" status="PASS">
          <reporter-output>
          </reporter-output>
        </test-method> <!-- verifySubCategoryListUsingSearchButton -->
        <test-method is-config="true" signature="terminateSession(org.testng.ITestResult)[pri:0, instance:com.sevenrmartsupermart.tests.SubCategoryTest@7b4c50bc]" started-at="2024-11-27T13:37:02 IST" name="terminateSession" finished-at="2024-11-27T13:37:03 IST" duration-ms="195" status="PASS">
          <params>
            <param index="0">
              <value>
                <![CDATA[[TestResult name=verifySubCategoryListUsingSearchButton status=SUCCESS method=SubCategoryTest.verifySubCategoryListUsingSearchButton()[pri:0, instance:com.sevenrmartsupermart.tests.SubCategoryTest@7b4c50bc] output={null}]]]>
              </value>
            </param>
          </params>
          <reporter-output>
          </reporter-output>
        </test-method> <!-- terminateSession -->
        <test-method is-config="true" signature="launchBrowser()[pri:0, instance:com.sevenrmartsupermart.tests.SubCategoryTest@7b4c50bc]" started-at="2024-11-27T13:37:03 IST" name="launchBrowser" finished-at="2024-11-27T13:37:06 IST" duration-ms="3148" status="PASS">
          <reporter-output>
          </reporter-output>
        </test-method> <!-- launchBrowser -->
        <test-method signature="verifySubCategoryListUsingSearchButtonWithWrongData()[pri:0, instance:com.sevenrmartsupermart.tests.SubCategoryTest@7b4c50bc]" started-at="2024-11-27T13:37:06 IST" name="verifySubCategoryListUsingSearchButtonWithWrongData" finished-at="2024-11-27T13:37:07 IST" duration-ms="1635" status="PASS">
          <reporter-output>
          </reporter-output>
        </test-method> <!-- verifySubCategoryListUsingSearchButtonWithWrongData -->
        <test-method is-config="true" signature="terminateSession(org.testng.ITestResult)[pri:0, instance:com.sevenrmartsupermart.tests.SubCategoryTest@7b4c50bc]" started-at="2024-11-27T13:37:07 IST" name="terminateSession" finished-at="2024-11-27T13:37:08 IST" duration-ms="121" status="PASS">
          <params>
            <param index="0">
              <value>
                <![CDATA[[TestResult name=verifySubCategoryListUsingSearchButtonWithWrongData status=SUCCESS method=SubCategoryTest.verifySubCategoryListUsingSearchButtonWithWrongData()[pri:0, instance:com.sevenrmartsupermart.tests.SubCategoryTest@7b4c50bc] output={null}]]]>
              </value>
            </param>
          </params>
          <reporter-output>
          </reporter-output>
        </test-method> <!-- terminateSession -->
        <test-method is-config="true" signature="launchBrowser()[pri:0, instance:com.sevenrmartsupermart.tests.SubCategoryTest@7b4c50bc]" started-at="2024-11-27T13:37:08 IST" name="launchBrowser" finished-at="2024-11-27T13:37:10 IST" duration-ms="2518" status="PASS">
          <reporter-output>
          </reporter-output>
        </test-method> <!-- launchBrowser -->
        <test-method signature="verifyTwoCategoriesWithSameSubCategoryNameCannotBeCreated()[pri:0, instance:com.sevenrmartsupermart.tests.SubCategoryTest@7b4c50bc]" started-at="2024-11-27T13:37:10 IST" name="verifyTwoCategoriesWithSameSubCategoryNameCannotBeCreated" finished-at="2024-11-27T13:37:13 IST" duration-ms="3419" status="PASS">
          <reporter-output>
          </reporter-output>
        </test-method> <!-- verifyTwoCategoriesWithSameSubCategoryNameCannotBeCreated -->
        <test-method is-config="true" signature="terminateSession(org.testng.ITestResult)[pri:0, instance:com.sevenrmartsupermart.tests.SubCategoryTest@7b4c50bc]" started-at="2024-11-27T13:37:13 IST" name="terminateSession" finished-at="2024-11-27T13:37:14 IST" duration-ms="141" status="PASS">
          <params>
            <param index="0">
              <value>
                <![CDATA[[TestResult name=verifyTwoCategoriesWithSameSubCategoryNameCannotBeCreated status=SUCCESS method=SubCategoryTest.verifyTwoCategoriesWithSameSubCategoryNameCannotBeCreated()[pri:0, instance:com.sevenrmartsupermart.tests.SubCategoryTest@7b4c50bc] output={null}]]]>
              </value>
            </param>
          </params>
          <reporter-output>
          </reporter-output>
        </test-method> <!-- terminateSession -->
        <test-method is-config="true" signature="launchBrowser()[pri:0, instance:com.sevenrmartsupermart.tests.SubCategoryTest@7b4c50bc]" started-at="2024-11-27T13:37:14 IST" name="launchBrowser" finished-at="2024-11-27T13:37:17 IST" duration-ms="2981" status="PASS">
          <reporter-output>
          </reporter-output>
        </test-method> <!-- launchBrowser -->
        <test-method signature="verifyWhetherSearchFieldCanBeReset()[pri:0, instance:com.sevenrmartsupermart.tests.SubCategoryTest@7b4c50bc]" started-at="2024-11-27T13:37:17 IST" name="verifyWhetherSearchFieldCanBeReset" finished-at="2024-11-27T13:37:18 IST" duration-ms="1544" status="PASS">
          <reporter-output>
          </reporter-output>
        </test-method> <!-- verifyWhetherSearchFieldCanBeReset -->
        <test-method is-config="true" signature="terminateSession(org.testng.ITestResult)[pri:0, instance:com.sevenrmartsupermart.tests.SubCategoryTest@7b4c50bc]" started-at="2024-11-27T13:37:18 IST" name="terminateSession" finished-at="2024-11-27T13:37:18 IST" duration-ms="109" status="PASS">
          <params>
            <param index="0">
              <value>
                <![CDATA[[TestResult name=verifyWhetherSearchFieldCanBeReset status=SUCCESS method=SubCategoryTest.verifyWhetherSearchFieldCanBeReset()[pri:0, instance:com.sevenrmartsupermart.tests.SubCategoryTest@7b4c50bc] output={null}]]]>
              </value>
            </param>
          </params>
          <reporter-output>
          </reporter-output>
        </test-method> <!-- terminateSession -->
      </class> <!-- com.sevenrmartsupermart.tests.SubCategoryTest -->
    </test> <!-- regression -->
  </suite> <!-- groceryapprelease -->
</testng-results>
