<?xml version="1.0" encoding="UTF-8"?>
<!-- Generated by org.testng.reporters.JUnitXMLReporter -->
<testsuite ignored="0" hostname="nafrinhp" failures="0" tests="11" name="executinginfirefox" time="5.051" errors="0" timestamp="2024-11-20T20:30:43 IST">
  <testcase classname="com.sevenrmartsupermart.tests.LoginTest" name="checkGroceryAppName" time="0.0">
    <skipped/>
  </testcase> <!-- checkGroceryAppName -->
  <testcase classname="com.sevenrmartsupermart.tests.LoginTest" name="verifyAdminUserLogin" time="0.0">
    <skipped/>
  </testcase> <!-- verifyAdminUserLogin -->
  <testcase classname="com.sevenrmartsupermart.tests.LoginTest" name="verifyAlertMessageIsShownWithWrongPassword" time="0.0">
    <skipped/>
  </testcase> <!-- verifyAlertMessageIsShownWithWrongPassword -->
  <testcase classname="com.sevenrmartsupermart.tests.LoginTest" name="verifyAlertMessageIsShownWithWrongUsername" time="0.0">
    <skipped/>
  </testcase> <!-- verifyAlertMessageIsShownWithWrongUsername -->
  <testcase classname="com.sevenrmartsupermart.tests.LoginTest" name="verifyAlertMessageIsShownWithWrongUsernameAndPassword" time="0.0">
    <skipped/>
  </testcase> <!-- verifyAlertMessageIsShownWithWrongUsernameAndPassword -->
  <testcase classname="com.sevenrmartsupermart.tests.LoginTest" name="verifyCSSAttributesofSignInButton" time="0.001">
    <skipped/>
  </testcase> <!-- verifyCSSAttributesofSignInButton -->
  <testcase classname="com.sevenrmartsupermart.tests.LoginTest" name="verifyLoginDetailsAreSavedAfterClickingRememberMeCheckBox" time="0.0">
    <skipped/>
  </testcase> <!-- verifyLoginDetailsAreSavedAfterClickingRememberMeCheckBox -->
  <testcase classname="com.sevenrmartsupermart.tests.LoginTest" name="verifyLoginIsAllowedUsingEnterKeyInKeyboard" time="0.0">
    <skipped/>
  </testcase> <!-- verifyLoginIsAllowedUsingEnterKeyInKeyboard -->
  <testcase classname="com.sevenrmartsupermart.tests.LoginTest" name="verifyLoginIsNotAllowedWithoutPassword" time="0.0">
    <skipped/>
  </testcase> <!-- verifyLoginIsNotAllowedWithoutPassword -->
  <testcase classname="com.sevenrmartsupermart.tests.LoginTest" name="verifyLoginIsNotAllowedWithoutUsername" time="0.0">
    <skipped/>
  </testcase> <!-- verifyLoginIsNotAllowedWithoutUsername -->
  <testcase classname="com.sevenrmartsupermart.tests.LoginTest" name="verifyRememberMeCheckboxIsEnabled" time="0.0">
    <skipped/>
  </testcase> <!-- verifyRememberMeCheckboxIsEnabled -->
</testsuite> <!-- executinginfirefox -->
